2025-01-31 14:58:05,174 [Worker-1: Loading available Gradle versions] INFO  o.e.b.c.i.u.g.PublishedGradleVersions - Gradle version information cache is up-to-date. Trying to read.
2025-01-31 15:03:38,834 [Worker-5: Loading available Gradle versions] INFO  o.e.b.c.i.u.g.PublishedGradleVersions - Gradle version information cache is up-to-date. Trying to read.
2025-01-31 16:08:01,824 [Worker-2: Loading available Gradle versions] INFO  o.e.b.c.i.u.g.PublishedGradleVersions - Gradle version information cache is up-to-date. Trying to read.
2025-01-31 16:20:06,082 [Worker-3: Loading available Gradle versions] INFO  o.e.b.c.i.u.g.PublishedGradleVersions - Gradle version information cache is up-to-date. Trying to read.
2025-01-31 16:28:31,148 [Worker-1: Loading available Gradle versions] INFO  o.e.b.c.i.u.g.PublishedGradleVersions - Gradle version information cache is up-to-date. Trying to read.
2025-01-31 16:28:56,062 [Worker-12: Auto share git projects] WARN  org.eclipse.jgit.util.FS_Win32 - null
2025-02-01 09:27:16,160 [Worker-5: Loading available Gradle versions] INFO  o.e.b.c.i.u.g.PublishedGradleVersions - Gradle version information cache is up-to-date. Trying to read.
2025-02-01 09:27:16,833 [Worker-7: Decoration Calculation] WARN  org.eclipse.jgit.util.FS_Win32 - null
2025-02-01 15:17:05,444 [Worker-0: Loading available Gradle versions] INFO  o.e.b.c.i.u.g.PublishedGradleVersions - Gradle version information cache is up-to-date. Trying to read.
2025-02-01 15:17:06,194 [Worker-6: Decoration Calculation] WARN  org.eclipse.jgit.util.FS_Win32 - null
2025-02-03 09:24:11,347 [Worker-0: Loading available Gradle versions] INFO  o.e.b.c.i.u.g.PublishedGradleVersions - Gradle version information cache is out-of-date. Trying to update.
2025-02-03 09:24:12,074 [Worker-2: Decoration Calculation] WARN  org.eclipse.jgit.util.FS_Win32 - null
2025-02-03 13:59:43,735 [Worker-5: Loading available Gradle versions] INFO  o.e.b.c.i.u.g.PublishedGradleVersions - Gradle version information cache is up-to-date. Trying to read.
2025-02-03 13:59:44,365 [Worker-6: Decoration Calculation] WARN  org.eclipse.jgit.util.FS_Win32 - null
2025-02-04 09:29:02,860 [Worker-4: Loading available Gradle versions] INFO  o.e.b.c.i.u.g.PublishedGradleVersions - Gradle version information cache is out-of-date. Trying to update.
2025-02-04 09:29:04,542 [Worker-6: Decoration Calculation] WARN  org.eclipse.jgit.util.FS_Win32 - null
2025-02-04 14:03:43,864 [Worker-6: Loading available Gradle versions] INFO  o.e.b.c.i.u.g.PublishedGradleVersions - Gradle version information cache is up-to-date. Trying to read.
2025-02-04 14:03:44,969 [Worker-8: Decoration Calculation] WARN  org.eclipse.jgit.util.FS_Win32 - null
2025-02-04 18:38:18,536 [Worker-4: Loading available Gradle versions] INFO  o.e.b.c.i.u.g.PublishedGradleVersions - Gradle version information cache is up-to-date. Trying to read.
2025-02-04 18:38:19,829 [Worker-6: Decoration Calculation] WARN  org.eclipse.jgit.util.FS_Win32 - null
2025-02-05 09:32:07,473 [Worker-5: Loading available Gradle versions] INFO  o.e.b.c.i.u.g.PublishedGradleVersions - Gradle version information cache is out-of-date. Trying to update.
2025-02-05 09:32:08,286 [Worker-6: Decoration Calculation] WARN  org.eclipse.jgit.util.FS_Win32 - null
2025-02-05 14:00:29,032 [Worker-6: Loading available Gradle versions] INFO  o.e.b.c.i.u.g.PublishedGradleVersions - Gradle version information cache is up-to-date. Trying to read.
2025-02-05 14:00:30,388 [Worker-3: Decoration Calculation] WARN  org.eclipse.jgit.util.FS_Win32 - null
2025-02-06 09:31:07,331 [Worker-5: Loading available Gradle versions] INFO  o.e.b.c.i.u.g.PublishedGradleVersions - Gradle version information cache is up-to-date. Trying to read.
2025-02-06 09:31:08,080 [Worker-6: Decoration Calculation] WARN  org.eclipse.jgit.util.FS_Win32 - null
2025-02-06 14:47:12,227 [Worker-5: Loading available Gradle versions] INFO  o.e.b.c.i.u.g.PublishedGradleVersions - Gradle version information cache is out-of-date. Trying to update.
2025-02-06 14:47:13,387 [Worker-6: Decoration Calculation] WARN  org.eclipse.jgit.util.FS_Win32 - null
2025-02-06 20:04:25,755 [Worker-7: Loading available Gradle versions] INFO  o.e.b.c.i.u.g.PublishedGradleVersions - Gradle version information cache is up-to-date. Trying to read.
2025-02-06 20:04:26,620 [Worker-6: Decoration Calculation] WARN  org.eclipse.jgit.util.FS_Win32 - null
2025-02-07 09:27:27,461 [Worker-5: Loading available Gradle versions] INFO  o.e.b.c.i.u.g.PublishedGradleVersions - Gradle version information cache is up-to-date. Trying to read.
2025-02-07 09:27:28,259 [Worker-8: Decoration Calculation] WARN  org.eclipse.jgit.util.FS_Win32 - null
2025-02-07 16:22:38,777 [main] WARN  org.eclipse.jgit.util.FS_Win32 - null
2025-02-07 17:44:36,713 [Worker-4: Loading available Gradle versions] INFO  o.e.b.c.i.u.g.PublishedGradleVersions - Gradle version information cache is out-of-date. Trying to update.
2025-02-07 17:44:42,932 [Worker-18: Decoration Calculation] WARN  org.eclipse.jgit.util.FS_Win32 - null
2025-02-08 10:13:54,101 [Worker-5: Loading available Gradle versions] INFO  o.e.b.c.i.u.g.PublishedGradleVersions - Gradle version information cache is up-to-date. Trying to read.
2025-02-08 10:13:54,779 [Worker-0: Decoration Calculation] WARN  org.eclipse.jgit.util.FS_Win32 - null
2025-02-08 10:19:51,678 [Worker-2: Loading available Gradle versions] INFO  o.e.b.c.i.u.g.PublishedGradleVersions - Gradle version information cache is up-to-date. Trying to read.
2025-02-08 10:19:52,716 [Worker-6: Decoration Calculation] WARN  org.eclipse.jgit.util.FS_Win32 - null
2025-02-08 14:51:38,260 [Worker-1: Loading available Gradle versions] INFO  o.e.b.c.i.u.g.PublishedGradleVersions - Gradle version information cache is up-to-date. Trying to read.
2025-02-08 14:51:39,162 [Worker-6: Decoration Calculation] WARN  org.eclipse.jgit.util.FS_Win32 - null
2025-02-08 14:59:04,718 [Worker-27: Creating project "spring-example"] INFO  o.e.m.c.i.e.AbstractTransferListenerAdapter - Downloading https://repo.maven.apache.org/maven2/org/apache/maven/plugins/maven-clean-plugin/3.2.0/maven-clean-plugin-3.2.0.jar
2025-02-08 14:59:04,758 [Worker-27: Creating project "spring-example"] INFO  o.e.m.c.i.e.AbstractTransferListenerAdapter - Downloaded https://repo.maven.apache.org/maven2/org/apache/maven/plugins/maven-clean-plugin/3.2.0/maven-clean-plugin-3.2.0.jar
2025-02-08 14:59:04,871 [Worker-27: Creating project "spring-example"] INFO  o.e.m.c.i.e.AbstractTransferListenerAdapter - Downloading https://repo.maven.apache.org/maven2/org/apache/maven/plugins/maven-surefire-plugin/3.2.5/maven-surefire-plugin-3.2.5.jar
2025-02-08 14:59:04,909 [Worker-27: Creating project "spring-example"] INFO  o.e.m.c.i.e.AbstractTransferListenerAdapter - Downloaded https://repo.maven.apache.org/maven2/org/apache/maven/plugins/maven-surefire-plugin/3.2.5/maven-surefire-plugin-3.2.5.jar
2025-02-08 14:59:04,990 [Worker-27: Creating project "spring-example"] INFO  o.e.m.c.i.e.AbstractTransferListenerAdapter - Downloading https://repo.maven.apache.org/maven2/org/apache/maven/plugins/maven-jar-plugin/3.4.1/maven-jar-plugin-3.4.1.jar
2025-02-08 14:59:05,015 [Worker-27: Creating project "spring-example"] INFO  o.e.m.c.i.e.AbstractTransferListenerAdapter - Downloaded https://repo.maven.apache.org/maven2/org/apache/maven/plugins/maven-jar-plugin/3.4.1/maven-jar-plugin-3.4.1.jar
2025-02-08 14:59:05,135 [Worker-27: Creating project "spring-example"] INFO  o.e.m.c.i.e.AbstractTransferListenerAdapter - Downloading https://repo.maven.apache.org/maven2/org/apache/maven/plugins/maven-install-plugin/3.1.2/maven-install-plugin-3.1.2.jar
2025-02-08 14:59:05,191 [Worker-27: Creating project "spring-example"] INFO  o.e.m.c.i.e.AbstractTransferListenerAdapter - Downloaded https://repo.maven.apache.org/maven2/org/apache/maven/plugins/maven-install-plugin/3.1.2/maven-install-plugin-3.1.2.jar
2025-02-08 14:59:05,260 [Worker-27: Creating project "spring-example"] INFO  o.e.m.c.i.e.AbstractTransferListenerAdapter - Downloading https://repo.maven.apache.org/maven2/org/apache/maven/plugins/maven-deploy-plugin/3.1.2/maven-deploy-plugin-3.1.2.jar
2025-02-08 14:59:05,319 [Worker-27: Creating project "spring-example"] INFO  o.e.m.c.i.e.AbstractTransferListenerAdapter - Downloaded https://repo.maven.apache.org/maven2/org/apache/maven/plugins/maven-deploy-plugin/3.1.2/maven-deploy-plugin-3.1.2.jar
2025-02-08 14:59:05,689 [Worker-27: Creating project "spring-example"] INFO  o.e.m.c.i.l.LifecycleMappingFactory - Using org.eclipse.m2e.jdt.JarLifecycleMapping lifecycle mapping for MavenProject: com.wipro:spring-example:0.0.1-SNAPSHOT @ C:\HandsOn\Java\spring-example\pom.xml.
2025-02-08 14:59:05,790 [Worker-27: Creating project "spring-example"] INFO  o.e.m.c.i.e.AbstractTransferListenerAdapter - Downloading https://repo.maven.apache.org/maven2/org/apache/maven/plugins/maven-surefire-plugin/3.2.5/maven-surefire-plugin-3.2.5.pom
2025-02-08 14:59:05,793 [Worker-27: Creating project "spring-example"] INFO  o.e.m.c.i.e.AbstractTransferListenerAdapter - Downloaded https://repo.maven.apache.org/maven2/org/apache/maven/plugins/maven-surefire-plugin/3.2.5/maven-surefire-plugin-3.2.5.pom
2025-02-08 14:59:05,871 [Worker-27: Creating project "spring-example"] INFO  o.e.m.c.i.e.AbstractTransferListenerAdapter - Downloading https://repo.maven.apache.org/maven2/org/apache/maven/surefire/surefire/3.2.5/surefire-3.2.5.pom
2025-02-08 14:59:05,894 [Worker-27: Creating project "spring-example"] INFO  o.e.m.c.i.e.AbstractTransferListenerAdapter - Downloaded https://repo.maven.apache.org/maven2/org/apache/maven/surefire/surefire/3.2.5/surefire-3.2.5.pom
2025-02-08 14:59:05,969 [Worker-27: Creating project "spring-example"] INFO  o.e.m.c.i.e.AbstractTransferListenerAdapter - Downloading https://repo.maven.apache.org/maven2/org/apache/maven/plugins/maven-jar-plugin/3.4.1/maven-jar-plugin-3.4.1.pom
2025-02-08 14:59:05,978 [Worker-27: Creating project "spring-example"] INFO  o.e.m.c.i.e.AbstractTransferListenerAdapter - Downloaded https://repo.maven.apache.org/maven2/org/apache/maven/plugins/maven-jar-plugin/3.4.1/maven-jar-plugin-3.4.1.pom
2025-02-08 14:59:06,489 [Worker-27: Creating project "spring-example"] INFO  o.e.m.j.i.AbstractJavaProjectConfigurator - Adding source folder /spring-example/src/main/java
2025-02-08 14:59:06,491 [Worker-27: Creating project "spring-example"] INFO  o.e.m.j.i.AbstractJavaProjectConfigurator - Adding resource folder /spring-example/src/main/resources
2025-02-08 14:59:06,492 [Worker-27: Creating project "spring-example"] INFO  o.e.m.j.i.AbstractJavaProjectConfigurator - Adding source folder /spring-example/src/test/java
2025-02-08 14:59:06,493 [Worker-27: Creating project "spring-example"] INFO  o.e.m.j.i.AbstractJavaProjectConfigurator - Adding resource folder /spring-example/src/test/resources
2025-02-08 14:59:06,983 [Worker-31: Building] WARN  o.a.m.s.f.DefaultMavenResourcesFiltering - Using platform encoding (UTF-8 actually) to copy filtered resources, i.e. build is platform dependent!
2025-02-08 14:59:06,987 [Worker-31: Building] INFO  o.a.m.s.f.DefaultMavenResourcesFiltering - Copying 0 resource from src\main\resources to target\classes
2025-02-08 14:59:06,991 [Worker-31: Building] WARN  o.a.m.s.f.DefaultMavenResourcesFiltering - Using platform encoding (UTF-8 actually) to copy filtered resources, i.e. build is platform dependent!
2025-02-08 14:59:06,993 [Worker-31: Building] INFO  o.a.m.s.f.DefaultMavenResourcesFiltering - Copying 0 resource from src\test\resources to target\test-classes
2025-02-08 15:05:33,924 [Worker-33: Building] INFO  o.e.m.c.i.l.LifecycleMappingFactory - Using org.eclipse.m2e.jdt.JarLifecycleMapping lifecycle mapping for MavenProject: com.wipro:spring-example:0.0.1-SNAPSHOT @ C:\HandsOn\Java\spring-example\pom.xml.
2025-02-08 15:05:34,044 [Worker-33: Building] WARN  o.a.m.s.f.DefaultMavenResourcesFiltering - Using platform encoding (UTF-8 actually) to copy filtered resources, i.e. build is platform dependent!
2025-02-08 15:05:34,048 [Worker-33: Building] INFO  o.a.m.s.f.DefaultMavenResourcesFiltering - Copying 0 resource from src\main\resources to target\classes
2025-02-08 15:05:34,052 [Worker-33: Building] WARN  o.a.m.s.f.DefaultMavenResourcesFiltering - Using platform encoding (UTF-8 actually) to copy filtered resources, i.e. build is platform dependent!
2025-02-08 15:05:34,054 [Worker-33: Building] INFO  o.a.m.s.f.DefaultMavenResourcesFiltering - Copying 0 resource from src\test\resources to target\test-classes
2025-02-08 15:06:52,762 [Worker-29: Launching Executing clean in C__HandsOn_Java_spring-example] INFO  o.eclipse.m2e.core.internal.Bundles - getClasspathEntries(Bundle=org.eclipse.m2e.maven.runtime_3.9.900.20240824-1409 [299])
2025-02-08 15:06:52,764 [Worker-29: Launching Executing clean in C__HandsOn_Java_spring-example] INFO  o.eclipse.m2e.core.internal.Bundles - 	Entry: C:\Users\HARSHA\.p2\pool\plugins\org.eclipse.m2e.maven.runtime_3.9.900.20240824-1409
2025-02-08 15:06:52,764 [Worker-29: Launching Executing clean in C__HandsOn_Java_spring-example] INFO  o.eclipse.m2e.core.internal.Bundles - 	Entry: C:\Users\HARSHA\.p2\pool\plugins\org.eclipse.m2e.maven.runtime_3.9.900.20240824-1409\jars\aopalliance-1.0.jar
2025-02-08 15:06:52,764 [Worker-29: Launching Executing clean in C__HandsOn_Java_spring-example] INFO  o.eclipse.m2e.core.internal.Bundles - 	Entry: C:\Users\HARSHA\.p2\pool\plugins\org.eclipse.m2e.maven.runtime_3.9.900.20240824-1409\jars\guice-5.1.0.jar
2025-02-08 15:06:52,765 [Worker-29: Launching Executing clean in C__HandsOn_Java_spring-example] INFO  o.eclipse.m2e.core.internal.Bundles - 	Entry: C:\Users\HARSHA\.p2\pool\plugins\org.eclipse.m2e.maven.runtime_3.9.900.20240824-1409\jars\httpclient-4.5.14.jar
2025-02-08 15:06:52,765 [Worker-29: Launching Executing clean in C__HandsOn_Java_spring-example] INFO  o.eclipse.m2e.core.internal.Bundles - 	Entry: C:\Users\HARSHA\.p2\pool\plugins\org.eclipse.m2e.maven.runtime_3.9.900.20240824-1409\jars\httpcore-4.4.16.jar
2025-02-08 15:06:52,766 [Worker-29: Launching Executing clean in C__HandsOn_Java_spring-example] INFO  o.eclipse.m2e.core.internal.Bundles - 	Entry: C:\Users\HARSHA\.p2\pool\plugins\org.eclipse.m2e.maven.runtime_3.9.900.20240824-1409\jars\jansi-2.4.1.jar
2025-02-08 15:06:52,766 [Worker-29: Launching Executing clean in C__HandsOn_Java_spring-example] INFO  o.eclipse.m2e.core.internal.Bundles - 	Entry: C:\Users\HARSHA\.p2\pool\plugins\org.eclipse.m2e.maven.runtime_3.9.900.20240824-1409\jars\jcl-over-slf4j-1.7.36.jar
2025-02-08 15:06:52,766 [Worker-29: Launching Executing clean in C__HandsOn_Java_spring-example] INFO  o.eclipse.m2e.core.internal.Bundles - 	Entry: C:\Users\HARSHA\.p2\pool\plugins\org.eclipse.m2e.maven.runtime_3.9.900.20240824-1409\jars\maven-artifact-3.9.9.jar
2025-02-08 15:06:52,766 [Worker-29: Launching Executing clean in C__HandsOn_Java_spring-example] INFO  o.eclipse.m2e.core.internal.Bundles - 	Entry: C:\Users\HARSHA\.p2\pool\plugins\org.eclipse.m2e.maven.runtime_3.9.900.20240824-1409\jars\maven-builder-support-3.9.9.jar
2025-02-08 15:06:52,766 [Worker-29: Launching Executing clean in C__HandsOn_Java_spring-example] INFO  o.eclipse.m2e.core.internal.Bundles - 	Entry: C:\Users\HARSHA\.p2\pool\plugins\org.eclipse.m2e.maven.runtime_3.9.900.20240824-1409\jars\maven-compat-3.9.9.jar
2025-02-08 15:06:52,767 [Worker-29: Launching Executing clean in C__HandsOn_Java_spring-example] INFO  o.eclipse.m2e.core.internal.Bundles - 	Entry: C:\Users\HARSHA\.p2\pool\plugins\org.eclipse.m2e.maven.runtime_3.9.900.20240824-1409\jars\maven-core-3.9.9.jar
2025-02-08 15:06:52,767 [Worker-29: Launching Executing clean in C__HandsOn_Java_spring-example] INFO  o.eclipse.m2e.core.internal.Bundles - 	Entry: C:\Users\HARSHA\.p2\pool\plugins\org.eclipse.m2e.maven.runtime_3.9.900.20240824-1409\jars\maven-embedder-3.9.9.jar
2025-02-08 15:06:52,767 [Worker-29: Launching Executing clean in C__HandsOn_Java_spring-example] INFO  o.eclipse.m2e.core.internal.Bundles - 	Entry: C:\Users\HARSHA\.p2\pool\plugins\org.eclipse.m2e.maven.runtime_3.9.900.20240824-1409\jars\maven-model-3.9.9.jar
2025-02-08 15:06:52,767 [Worker-29: Launching Executing clean in C__HandsOn_Java_spring-example] INFO  o.eclipse.m2e.core.internal.Bundles - 	Entry: C:\Users\HARSHA\.p2\pool\plugins\org.eclipse.m2e.maven.runtime_3.9.900.20240824-1409\jars\maven-model-builder-3.9.9.jar
2025-02-08 15:06:52,767 [Worker-29: Launching Executing clean in C__HandsOn_Java_spring-example] INFO  o.eclipse.m2e.core.internal.Bundles - 	Entry: C:\Users\HARSHA\.p2\pool\plugins\org.eclipse.m2e.maven.runtime_3.9.900.20240824-1409\jars\maven-plugin-api-3.9.9.jar
2025-02-08 15:06:52,768 [Worker-29: Launching Executing clean in C__HandsOn_Java_spring-example] INFO  o.eclipse.m2e.core.internal.Bundles - 	Entry: C:\Users\HARSHA\.p2\pool\plugins\org.eclipse.m2e.maven.runtime_3.9.900.20240824-1409\jars\maven-repository-metadata-3.9.9.jar
2025-02-08 15:06:52,768 [Worker-29: Launching Executing clean in C__HandsOn_Java_spring-example] INFO  o.eclipse.m2e.core.internal.Bundles - 	Entry: C:\Users\HARSHA\.p2\pool\plugins\org.eclipse.m2e.maven.runtime_3.9.900.20240824-1409\jars\maven-resolver-api-1.9.22.jar
2025-02-08 15:06:52,768 [Worker-29: Launching Executing clean in C__HandsOn_Java_spring-example] INFO  o.eclipse.m2e.core.internal.Bundles - 	Entry: C:\Users\HARSHA\.p2\pool\plugins\org.eclipse.m2e.maven.runtime_3.9.900.20240824-1409\jars\maven-resolver-connector-basic-1.9.22.jar
2025-02-08 15:06:52,768 [Worker-29: Launching Executing clean in C__HandsOn_Java_spring-example] INFO  o.eclipse.m2e.core.internal.Bundles - 	Entry: C:\Users\HARSHA\.p2\pool\plugins\org.eclipse.m2e.maven.runtime_3.9.900.20240824-1409\jars\maven-resolver-impl-1.9.22.jar
2025-02-08 15:06:52,768 [Worker-29: Launching Executing clean in C__HandsOn_Java_spring-example] INFO  o.eclipse.m2e.core.internal.Bundles - 	Entry: C:\Users\HARSHA\.p2\pool\plugins\org.eclipse.m2e.maven.runtime_3.9.900.20240824-1409\jars\maven-resolver-named-locks-1.9.22.jar
2025-02-08 15:06:52,768 [Worker-29: Launching Executing clean in C__HandsOn_Java_spring-example] INFO  o.eclipse.m2e.core.internal.Bundles - 	Entry: C:\Users\HARSHA\.p2\pool\plugins\org.eclipse.m2e.maven.runtime_3.9.900.20240824-1409\jars\maven-resolver-provider-3.9.9.jar
2025-02-08 15:06:52,769 [Worker-29: Launching Executing clean in C__HandsOn_Java_spring-example] INFO  o.eclipse.m2e.core.internal.Bundles - 	Entry: C:\Users\HARSHA\.p2\pool\plugins\org.eclipse.m2e.maven.runtime_3.9.900.20240824-1409\jars\maven-resolver-spi-1.9.22.jar
2025-02-08 15:06:52,769 [Worker-29: Launching Executing clean in C__HandsOn_Java_spring-example] INFO  o.eclipse.m2e.core.internal.Bundles - 	Entry: C:\Users\HARSHA\.p2\pool\plugins\org.eclipse.m2e.maven.runtime_3.9.900.20240824-1409\jars\maven-resolver-transport-file-1.9.22.jar
2025-02-08 15:06:52,769 [Worker-29: Launching Executing clean in C__HandsOn_Java_spring-example] INFO  o.eclipse.m2e.core.internal.Bundles - 	Entry: C:\Users\HARSHA\.p2\pool\plugins\org.eclipse.m2e.maven.runtime_3.9.900.20240824-1409\jars\maven-resolver-transport-http-1.9.22.jar
2025-02-08 15:06:52,769 [Worker-29: Launching Executing clean in C__HandsOn_Java_spring-example] INFO  o.eclipse.m2e.core.internal.Bundles - 	Entry: C:\Users\HARSHA\.p2\pool\plugins\org.eclipse.m2e.maven.runtime_3.9.900.20240824-1409\jars\maven-resolver-transport-wagon-1.9.22.jar
2025-02-08 15:06:52,769 [Worker-29: Launching Executing clean in C__HandsOn_Java_spring-example] INFO  o.eclipse.m2e.core.internal.Bundles - 	Entry: C:\Users\HARSHA\.p2\pool\plugins\org.eclipse.m2e.maven.runtime_3.9.900.20240824-1409\jars\maven-resolver-util-1.9.22.jar
2025-02-08 15:06:52,770 [Worker-29: Launching Executing clean in C__HandsOn_Java_spring-example] INFO  o.eclipse.m2e.core.internal.Bundles - 	Entry: C:\Users\HARSHA\.p2\pool\plugins\org.eclipse.m2e.maven.runtime_3.9.900.20240824-1409\jars\maven-settings-3.9.9.jar
2025-02-08 15:06:52,770 [Worker-29: Launching Executing clean in C__HandsOn_Java_spring-example] INFO  o.eclipse.m2e.core.internal.Bundles - 	Entry: C:\Users\HARSHA\.p2\pool\plugins\org.eclipse.m2e.maven.runtime_3.9.900.20240824-1409\jars\maven-settings-builder-3.9.9.jar
2025-02-08 15:06:52,770 [Worker-29: Launching Executing clean in C__HandsOn_Java_spring-example] INFO  o.eclipse.m2e.core.internal.Bundles - 	Entry: C:\Users\HARSHA\.p2\pool\plugins\org.eclipse.m2e.maven.runtime_3.9.900.20240824-1409\jars\maven-shared-utils-3.4.2.jar
2025-02-08 15:06:52,770 [Worker-29: Launching Executing clean in C__HandsOn_Java_spring-example] INFO  o.eclipse.m2e.core.internal.Bundles - 	Entry: C:\Users\HARSHA\.p2\pool\plugins\org.eclipse.m2e.maven.runtime_3.9.900.20240824-1409\jars\org.eclipse.sisu.inject-0.9.0.M3.jar
2025-02-08 15:06:52,770 [Worker-29: Launching Executing clean in C__HandsOn_Java_spring-example] INFO  o.eclipse.m2e.core.internal.Bundles - 	Entry: C:\Users\HARSHA\.p2\pool\plugins\org.eclipse.m2e.maven.runtime_3.9.900.20240824-1409\jars\org.eclipse.sisu.plexus-0.9.0.M3.jar
2025-02-08 15:06:52,771 [Worker-29: Launching Executing clean in C__HandsOn_Java_spring-example] INFO  o.eclipse.m2e.core.internal.Bundles - 	Entry: C:\Users\HARSHA\.p2\pool\plugins\org.eclipse.m2e.maven.runtime_3.9.900.20240824-1409\jars\plexus-build-api-0.0.7.jar
2025-02-08 15:06:52,771 [Worker-29: Launching Executing clean in C__HandsOn_Java_spring-example] INFO  o.eclipse.m2e.core.internal.Bundles - 	Entry: C:\Users\HARSHA\.p2\pool\plugins\org.eclipse.m2e.maven.runtime_3.9.900.20240824-1409\jars\plexus-build-api-1.2.0.jar
2025-02-08 15:06:52,771 [Worker-29: Launching Executing clean in C__HandsOn_Java_spring-example] INFO  o.eclipse.m2e.core.internal.Bundles - 	Entry: C:\Users\HARSHA\.p2\pool\plugins\org.eclipse.m2e.maven.runtime_3.9.900.20240824-1409\jars\plexus-cipher-2.0.jar
2025-02-08 15:06:52,771 [Worker-29: Launching Executing clean in C__HandsOn_Java_spring-example] INFO  o.eclipse.m2e.core.internal.Bundles - 	Entry: C:\Users\HARSHA\.p2\pool\plugins\org.eclipse.m2e.maven.runtime_3.9.900.20240824-1409\jars\plexus-classworlds-2.8.0.jar
2025-02-08 15:06:52,772 [Worker-29: Launching Executing clean in C__HandsOn_Java_spring-example] INFO  o.eclipse.m2e.core.internal.Bundles - 	Entry: C:\Users\HARSHA\.p2\pool\plugins\org.eclipse.m2e.maven.runtime_3.9.900.20240824-1409\jars\plexus-component-annotations-2.1.0.jar
2025-02-08 15:06:52,772 [Worker-29: Launching Executing clean in C__HandsOn_Java_spring-example] INFO  o.eclipse.m2e.core.internal.Bundles - 	Entry: C:\Users\HARSHA\.p2\pool\plugins\org.eclipse.m2e.maven.runtime_3.9.900.20240824-1409\jars\plexus-interpolation-1.27.jar
2025-02-08 15:06:52,772 [Worker-29: Launching Executing clean in C__HandsOn_Java_spring-example] INFO  o.eclipse.m2e.core.internal.Bundles - 	Entry: C:\Users\HARSHA\.p2\pool\plugins\org.eclipse.m2e.maven.runtime_3.9.900.20240824-1409\jars\plexus-sec-dispatcher-2.0.jar
2025-02-08 15:06:52,772 [Worker-29: Launching Executing clean in C__HandsOn_Java_spring-example] INFO  o.eclipse.m2e.core.internal.Bundles - 	Entry: C:\Users\HARSHA\.p2\pool\plugins\org.eclipse.m2e.maven.runtime_3.9.900.20240824-1409\jars\plexus-utils-3.5.1.jar
2025-02-08 15:06:52,773 [Worker-29: Launching Executing clean in C__HandsOn_Java_spring-example] INFO  o.eclipse.m2e.core.internal.Bundles - 	Entry: C:\Users\HARSHA\.p2\pool\plugins\org.eclipse.m2e.maven.runtime_3.9.900.20240824-1409\jars\plexus-xml-3.0.1.jar
2025-02-08 15:06:52,773 [Worker-29: Launching Executing clean in C__HandsOn_Java_spring-example] INFO  o.eclipse.m2e.core.internal.Bundles - 	Entry: C:\Users\HARSHA\.p2\pool\plugins\org.eclipse.m2e.maven.runtime_3.9.900.20240824-1409\jars\wagon-file-3.5.3.jar
2025-02-08 15:06:52,773 [Worker-29: Launching Executing clean in C__HandsOn_Java_spring-example] INFO  o.eclipse.m2e.core.internal.Bundles - 	Entry: C:\Users\HARSHA\.p2\pool\plugins\org.eclipse.m2e.maven.runtime_3.9.900.20240824-1409\jars\wagon-http-3.5.3.jar
2025-02-08 15:06:52,773 [Worker-29: Launching Executing clean in C__HandsOn_Java_spring-example] INFO  o.eclipse.m2e.core.internal.Bundles - 	Entry: C:\Users\HARSHA\.p2\pool\plugins\org.eclipse.m2e.maven.runtime_3.9.900.20240824-1409\jars\wagon-http-shared-3.5.3.jar
2025-02-08 15:06:52,773 [Worker-29: Launching Executing clean in C__HandsOn_Java_spring-example] INFO  o.eclipse.m2e.core.internal.Bundles - 	Entry: C:\Users\HARSHA\.p2\pool\plugins\org.eclipse.m2e.maven.runtime_3.9.900.20240824-1409\jars\wagon-provider-api-3.5.3.jar
2025-02-08 15:06:52,774 [Worker-29: Launching Executing clean in C__HandsOn_Java_spring-example] INFO  o.eclipse.m2e.core.internal.Bundles - getClasspathEntries(Bundle=com.google.guava_33.3.0.jre [10])
2025-02-08 15:06:52,774 [Worker-29: Launching Executing clean in C__HandsOn_Java_spring-example] INFO  o.eclipse.m2e.core.internal.Bundles - 	Entry: C:\Users\HARSHA\.p2\pool\plugins\com.google.guava_33.3.0.jre.jar
2025-02-08 15:06:52,774 [Worker-29: Launching Executing clean in C__HandsOn_Java_spring-example] INFO  o.eclipse.m2e.core.internal.Bundles - getClasspathEntries(Bundle=slf4j.api_2.0.16 [521])
2025-02-08 15:06:52,775 [Worker-29: Launching Executing clean in C__HandsOn_Java_spring-example] INFO  o.eclipse.m2e.core.internal.Bundles - 	Entry: C:\Users\HARSHA\.p2\pool\plugins\slf4j.api_2.0.16.jar
2025-02-08 15:06:52,775 [Worker-29: Launching Executing clean in C__HandsOn_Java_spring-example] INFO  o.eclipse.m2e.core.internal.Bundles - getClasspathEntries(Bundle=jakarta.inject.jakarta.inject-api_1.0.5 [22])
2025-02-08 15:06:52,775 [Worker-29: Launching Executing clean in C__HandsOn_Java_spring-example] INFO  o.eclipse.m2e.core.internal.Bundles - 	Entry: C:\Users\HARSHA\.p2\pool\plugins\jakarta.inject.jakarta.inject-api_1.0.5.jar
2025-02-08 15:06:52,775 [Worker-29: Launching Executing clean in C__HandsOn_Java_spring-example] INFO  o.eclipse.m2e.core.internal.Bundles - getClasspathEntries(Bundle=jakarta.annotation-api_1.3.5 [20])
2025-02-08 15:06:52,775 [Worker-29: Launching Executing clean in C__HandsOn_Java_spring-example] INFO  o.eclipse.m2e.core.internal.Bundles - 	Entry: C:\Users\HARSHA\.p2\pool\plugins\jakarta.annotation-api_1.3.5.jar
2025-02-08 15:06:52,775 [Worker-29: Launching Executing clean in C__HandsOn_Java_spring-example] INFO  o.eclipse.m2e.core.internal.Bundles - getClasspathEntries(Bundle=org.apache.commons.cli_1.9.0 [47])
2025-02-08 15:06:52,776 [Worker-29: Launching Executing clean in C__HandsOn_Java_spring-example] INFO  o.eclipse.m2e.core.internal.Bundles - 	Entry: C:\Users\HARSHA\.p2\pool\plugins\org.apache.commons.cli_1.9.0.jar
2025-02-08 15:06:52,776 [Worker-29: Launching Executing clean in C__HandsOn_Java_spring-example] INFO  o.eclipse.m2e.core.internal.Bundles - getClasspathEntries(Bundle=org.apache.commons.commons-codec_1.16.0 [50])
2025-02-08 15:06:52,776 [Worker-29: Launching Executing clean in C__HandsOn_Java_spring-example] INFO  o.eclipse.m2e.core.internal.Bundles - 	Entry: C:\Users\HARSHA\.p2\pool\plugins\org.apache.commons.commons-codec_1.16.0.jar
2025-02-08 15:06:52,776 [Worker-29: Launching Executing clean in C__HandsOn_Java_spring-example] INFO  o.eclipse.m2e.core.internal.Bundles - getClasspathEntries(Bundle=com.google.guava.failureaccess_1.0.2 [11])
2025-02-08 15:06:52,776 [Worker-29: Launching Executing clean in C__HandsOn_Java_spring-example] INFO  o.eclipse.m2e.core.internal.Bundles - 	Entry: C:\Users\HARSHA\.p2\pool\plugins\com.google.guava.failureaccess_1.0.2.jar
2025-02-08 15:06:52,779 [Worker-29: Launching Executing clean in C__HandsOn_Java_spring-example] INFO  o.e.m.i.launch.MavenLaunchDelegate - Run build in "C:\HandsOn\Java\spring-example":
2025-02-08 15:06:52,781 [Worker-29: Launching Executing clean in C__HandsOn_Java_spring-example] INFO  o.e.m.i.launch.MavenLaunchDelegate -  mvn  -B -Dstyle.color=always clean
2025-02-08 15:09:22,709 [Worker-34: Building] INFO  o.e.m.c.i.l.LifecycleMappingFactory - Using org.eclipse.m2e.jdt.JarLifecycleMapping lifecycle mapping for MavenProject: com.wipro:spring-example:0.0.1-SNAPSHOT @ C:\HandsOn\Java\spring-example\pom.xml.
2025-02-08 15:09:22,828 [Worker-34: Building] WARN  o.a.m.s.f.DefaultMavenResourcesFiltering - Using platform encoding (UTF-8 actually) to copy filtered resources, i.e. build is platform dependent!
2025-02-08 15:09:22,832 [Worker-34: Building] INFO  o.a.m.s.f.DefaultMavenResourcesFiltering - Copying 0 resource from src\main\resources to target\classes
2025-02-08 15:09:22,839 [Worker-34: Building] WARN  o.a.m.s.f.DefaultMavenResourcesFiltering - Using platform encoding (UTF-8 actually) to copy filtered resources, i.e. build is platform dependent!
2025-02-08 15:09:22,841 [Worker-34: Building] INFO  o.a.m.s.f.DefaultMavenResourcesFiltering - Copying 0 resource from src\test\resources to target\test-classes
2025-02-08 15:12:09,881 [Worker-33: Building] INFO  o.e.m.c.i.l.LifecycleMappingFactory - Using org.eclipse.m2e.jdt.JarLifecycleMapping lifecycle mapping for MavenProject: com.wipro:spring-example:0.0.1-SNAPSHOT @ C:\HandsOn\Java\spring-example\pom.xml.
2025-02-08 15:12:10,193 [Worker-33: Building] INFO  o.e.m.c.i.e.AbstractTransferListenerAdapter - Downloading https://repo.maven.apache.org/maven2/org/springframework/spring-context/7.0.0-M1/spring-context-7.0.0-M1.pom
2025-02-08 15:12:10,197 [Worker-33: Building] INFO  o.e.m.c.i.e.AbstractTransferListenerAdapter - Downloaded https://repo.maven.apache.org/maven2/org/springframework/spring-context/7.0.0-M1/spring-context-7.0.0-M1.pom
2025-02-08 15:12:10,275 [Worker-33: Building] INFO  o.e.m.c.i.e.AbstractTransferListenerAdapter - Downloading https://repo.maven.apache.org/maven2/org/springframework/spring-aop/7.0.0-M1/spring-aop-7.0.0-M1.pom
2025-02-08 15:12:10,282 [Worker-33: Building] INFO  o.e.m.c.i.e.AbstractTransferListenerAdapter - Downloaded https://repo.maven.apache.org/maven2/org/springframework/spring-aop/7.0.0-M1/spring-aop-7.0.0-M1.pom
2025-02-08 15:12:10,352 [Worker-33: Building] INFO  o.e.m.c.i.e.AbstractTransferListenerAdapter - Downloading https://repo.maven.apache.org/maven2/org/springframework/spring-beans/7.0.0-M1/spring-beans-7.0.0-M1.pom
2025-02-08 15:12:10,355 [Worker-33: Building] INFO  o.e.m.c.i.e.AbstractTransferListenerAdapter - Downloaded https://repo.maven.apache.org/maven2/org/springframework/spring-beans/7.0.0-M1/spring-beans-7.0.0-M1.pom
2025-02-08 15:12:10,441 [Worker-33: Building] INFO  o.e.m.c.i.e.AbstractTransferListenerAdapter - Downloading https://repo.maven.apache.org/maven2/org/springframework/spring-core/7.0.0-M1/spring-core-7.0.0-M1.pom
2025-02-08 15:12:10,450 [Worker-33: Building] INFO  o.e.m.c.i.e.AbstractTransferListenerAdapter - Downloaded https://repo.maven.apache.org/maven2/org/springframework/spring-core/7.0.0-M1/spring-core-7.0.0-M1.pom
2025-02-08 15:12:10,560 [Worker-33: Building] INFO  o.e.m.c.i.e.AbstractTransferListenerAdapter - Downloading https://repo.maven.apache.org/maven2/commons-logging/commons-logging/1.3.4/commons-logging-1.3.4.pom
2025-02-08 15:12:10,586 [Worker-33: Building] INFO  o.e.m.c.i.e.AbstractTransferListenerAdapter - Downloaded https://repo.maven.apache.org/maven2/commons-logging/commons-logging/1.3.4/commons-logging-1.3.4.pom
2025-02-08 15:12:10,655 [Worker-33: Building] INFO  o.e.m.c.i.e.AbstractTransferListenerAdapter - Downloading https://repo.maven.apache.org/maven2/org/apache/commons/commons-parent/72/commons-parent-72.pom
2025-02-08 15:12:10,749 [Worker-33: Building] INFO  o.e.m.c.i.e.AbstractTransferListenerAdapter - Downloaded https://repo.maven.apache.org/maven2/org/apache/commons/commons-parent/72/commons-parent-72.pom
2025-02-08 15:12:10,841 [Worker-33: Building] INFO  o.e.m.c.i.e.AbstractTransferListenerAdapter - Downloading https://repo.maven.apache.org/maven2/org/junit/junit-bom/5.11.0-M2/junit-bom-5.11.0-M2.pom
2025-02-08 15:12:10,844 [Worker-33: Building] INFO  o.e.m.c.i.e.AbstractTransferListenerAdapter - Downloaded https://repo.maven.apache.org/maven2/org/junit/junit-bom/5.11.0-M2/junit-bom-5.11.0-M2.pom
2025-02-08 15:12:10,914 [Worker-33: Building] INFO  o.e.m.c.i.e.AbstractTransferListenerAdapter - Downloading https://repo.maven.apache.org/maven2/org/jspecify/jspecify/1.0.0/jspecify-1.0.0.pom
2025-02-08 15:12:10,917 [Worker-33: Building] INFO  o.e.m.c.i.e.AbstractTransferListenerAdapter - Downloaded https://repo.maven.apache.org/maven2/org/jspecify/jspecify/1.0.0/jspecify-1.0.0.pom
2025-02-08 15:12:11,063 [Worker-33: Building] INFO  o.e.m.c.i.e.AbstractTransferListenerAdapter - Downloading https://repo.maven.apache.org/maven2/org/springframework/spring-expression/7.0.0-M1/spring-expression-7.0.0-M1.pom
2025-02-08 15:12:11,066 [Worker-33: Building] INFO  o.e.m.c.i.e.AbstractTransferListenerAdapter - Downloaded https://repo.maven.apache.org/maven2/org/springframework/spring-expression/7.0.0-M1/spring-expression-7.0.0-M1.pom
2025-02-08 15:12:11,144 [Worker-33: Building] INFO  o.e.m.c.i.e.AbstractTransferListenerAdapter - Downloading https://repo.maven.apache.org/maven2/org/springframework/spring-context/7.0.0-M1/spring-context-7.0.0-M1.jar
2025-02-08 15:12:12,132 [Worker-33: Building] INFO  o.e.m.c.i.e.AbstractTransferListenerAdapter - Downloaded https://repo.maven.apache.org/maven2/org/springframework/spring-context/7.0.0-M1/spring-context-7.0.0-M1.jar
2025-02-08 15:12:12,285 [BasicRepositoryConnector-repo.maven.apache.org-0-0] INFO  o.e.m.c.i.e.AbstractTransferListenerAdapter - Downloading https://repo.maven.apache.org/maven2/org/springframework/spring-aop/7.0.0-M1/spring-aop-7.0.0-M1.jar
2025-02-08 15:12:12,519 [BasicRepositoryConnector-repo.maven.apache.org-0-4] INFO  o.e.m.c.i.e.AbstractTransferListenerAdapter - Downloading https://repo.maven.apache.org/maven2/org/jspecify/jspecify/1.0.0/jspecify-1.0.0.jar
2025-02-08 15:12:12,523 [BasicRepositoryConnector-repo.maven.apache.org-0-4] INFO  o.e.m.c.i.e.AbstractTransferListenerAdapter - Downloaded https://repo.maven.apache.org/maven2/org/jspecify/jspecify/1.0.0/jspecify-1.0.0.jar
2025-02-08 15:12:12,552 [BasicRepositoryConnector-repo.maven.apache.org-0-3] INFO  o.e.m.c.i.e.AbstractTransferListenerAdapter - Downloading https://repo.maven.apache.org/maven2/commons-logging/commons-logging/1.3.4/commons-logging-1.3.4.jar
2025-02-08 15:12:12,553 [BasicRepositoryConnector-repo.maven.apache.org-0-1] INFO  o.e.m.c.i.e.AbstractTransferListenerAdapter - Downloading https://repo.maven.apache.org/maven2/org/springframework/spring-beans/7.0.0-M1/spring-beans-7.0.0-M1.jar
2025-02-08 15:12:12,555 [BasicRepositoryConnector-repo.maven.apache.org-0-2] INFO  o.e.m.c.i.e.AbstractTransferListenerAdapter - Downloading https://repo.maven.apache.org/maven2/org/springframework/spring-core/7.0.0-M1/spring-core-7.0.0-M1.jar
2025-02-08 15:12:12,562 [BasicRepositoryConnector-repo.maven.apache.org-0-0] INFO  o.e.m.c.i.e.AbstractTransferListenerAdapter - Downloaded https://repo.maven.apache.org/maven2/org/springframework/spring-aop/7.0.0-M1/spring-aop-7.0.0-M1.jar
2025-02-08 15:12:12,601 [BasicRepositoryConnector-repo.maven.apache.org-0-4] INFO  o.e.m.c.i.e.AbstractTransferListenerAdapter - Downloading https://repo.maven.apache.org/maven2/org/springframework/spring-expression/7.0.0-M1/spring-expression-7.0.0-M1.jar
2025-02-08 15:12:12,676 [BasicRepositoryConnector-repo.maven.apache.org-0-3] INFO  o.e.m.c.i.e.AbstractTransferListenerAdapter - Downloaded https://repo.maven.apache.org/maven2/commons-logging/commons-logging/1.3.4/commons-logging-1.3.4.jar
2025-02-08 15:12:13,010 [BasicRepositoryConnector-repo.maven.apache.org-0-4] INFO  o.e.m.c.i.e.AbstractTransferListenerAdapter - Downloaded https://repo.maven.apache.org/maven2/org/springframework/spring-expression/7.0.0-M1/spring-expression-7.0.0-M1.jar
2025-02-08 15:12:14,677 [BasicRepositoryConnector-repo.maven.apache.org-0-1] INFO  o.e.m.c.i.e.AbstractTransferListenerAdapter - Downloaded https://repo.maven.apache.org/maven2/org/springframework/spring-beans/7.0.0-M1/spring-beans-7.0.0-M1.jar
2025-02-08 15:12:16,287 [BasicRepositoryConnector-repo.maven.apache.org-0-2] INFO  o.e.m.c.i.e.AbstractTransferListenerAdapter - Downloaded https://repo.maven.apache.org/maven2/org/springframework/spring-core/7.0.0-M1/spring-core-7.0.0-M1.jar
2025-02-08 15:12:16,393 [Worker-33: Building] WARN  o.a.m.s.f.DefaultMavenResourcesFiltering - Using platform encoding (UTF-8 actually) to copy filtered resources, i.e. build is platform dependent!
2025-02-08 15:12:16,395 [Worker-33: Building] INFO  o.a.m.s.f.DefaultMavenResourcesFiltering - Copying 0 resource from src\main\resources to target\classes
2025-02-08 15:12:16,398 [Worker-33: Building] WARN  o.a.m.s.f.DefaultMavenResourcesFiltering - Using platform encoding (UTF-8 actually) to copy filtered resources, i.e. build is platform dependent!
2025-02-08 15:12:16,399 [Worker-33: Building] INFO  o.a.m.s.f.DefaultMavenResourcesFiltering - Copying 0 resource from src\test\resources to target\test-classes
2025-02-08 15:12:16,891 [Worker-38: Building] WARN  o.a.m.s.f.DefaultMavenResourcesFiltering - Using platform encoding (UTF-8 actually) to copy filtered resources, i.e. build is platform dependent!
2025-02-08 15:12:16,893 [Worker-38: Building] INFO  o.a.m.s.f.DefaultMavenResourcesFiltering - Copying 0 resource from src\main\resources to target\classes
2025-02-08 15:12:16,897 [Worker-38: Building] WARN  o.a.m.s.f.DefaultMavenResourcesFiltering - Using platform encoding (UTF-8 actually) to copy filtered resources, i.e. build is platform dependent!
2025-02-08 15:12:16,899 [Worker-38: Building] INFO  o.a.m.s.f.DefaultMavenResourcesFiltering - Copying 0 resource from src\test\resources to target\test-classes
2025-02-08 15:12:17,623 [Worker-37: Download sources and javadoc] INFO  o.e.m.c.i.e.AbstractTransferListenerAdapter - Downloading https://repo.maven.apache.org/maven2/org/springframework/spring-context/7.0.0-M1/spring-context-7.0.0-M1-sources.jar
2025-02-08 15:12:17,942 [Worker-38: Launching Executing clean in C__HandsOn_Java_spring-example] INFO  o.eclipse.m2e.core.internal.Bundles - getClasspathEntries(Bundle=org.eclipse.m2e.maven.runtime_3.9.900.20240824-1409 [299])
2025-02-08 15:12:17,943 [Worker-38: Launching Executing clean in C__HandsOn_Java_spring-example] INFO  o.eclipse.m2e.core.internal.Bundles - 	Entry: C:\Users\HARSHA\.p2\pool\plugins\org.eclipse.m2e.maven.runtime_3.9.900.20240824-1409
2025-02-08 15:12:17,943 [Worker-38: Launching Executing clean in C__HandsOn_Java_spring-example] INFO  o.eclipse.m2e.core.internal.Bundles - 	Entry: C:\Users\HARSHA\.p2\pool\plugins\org.eclipse.m2e.maven.runtime_3.9.900.20240824-1409\jars\aopalliance-1.0.jar
2025-02-08 15:12:17,943 [Worker-38: Launching Executing clean in C__HandsOn_Java_spring-example] INFO  o.eclipse.m2e.core.internal.Bundles - 	Entry: C:\Users\HARSHA\.p2\pool\plugins\org.eclipse.m2e.maven.runtime_3.9.900.20240824-1409\jars\guice-5.1.0.jar
2025-02-08 15:12:17,943 [Worker-38: Launching Executing clean in C__HandsOn_Java_spring-example] INFO  o.eclipse.m2e.core.internal.Bundles - 	Entry: C:\Users\HARSHA\.p2\pool\plugins\org.eclipse.m2e.maven.runtime_3.9.900.20240824-1409\jars\httpclient-4.5.14.jar
2025-02-08 15:12:17,944 [Worker-38: Launching Executing clean in C__HandsOn_Java_spring-example] INFO  o.eclipse.m2e.core.internal.Bundles - 	Entry: C:\Users\HARSHA\.p2\pool\plugins\org.eclipse.m2e.maven.runtime_3.9.900.20240824-1409\jars\httpcore-4.4.16.jar
2025-02-08 15:12:17,944 [Worker-38: Launching Executing clean in C__HandsOn_Java_spring-example] INFO  o.eclipse.m2e.core.internal.Bundles - 	Entry: C:\Users\HARSHA\.p2\pool\plugins\org.eclipse.m2e.maven.runtime_3.9.900.20240824-1409\jars\jansi-2.4.1.jar
2025-02-08 15:12:17,945 [Worker-38: Launching Executing clean in C__HandsOn_Java_spring-example] INFO  o.eclipse.m2e.core.internal.Bundles - 	Entry: C:\Users\HARSHA\.p2\pool\plugins\org.eclipse.m2e.maven.runtime_3.9.900.20240824-1409\jars\jcl-over-slf4j-1.7.36.jar
2025-02-08 15:12:17,945 [Worker-38: Launching Executing clean in C__HandsOn_Java_spring-example] INFO  o.eclipse.m2e.core.internal.Bundles - 	Entry: C:\Users\HARSHA\.p2\pool\plugins\org.eclipse.m2e.maven.runtime_3.9.900.20240824-1409\jars\maven-artifact-3.9.9.jar
2025-02-08 15:12:17,945 [Worker-38: Launching Executing clean in C__HandsOn_Java_spring-example] INFO  o.eclipse.m2e.core.internal.Bundles - 	Entry: C:\Users\HARSHA\.p2\pool\plugins\org.eclipse.m2e.maven.runtime_3.9.900.20240824-1409\jars\maven-builder-support-3.9.9.jar
2025-02-08 15:12:17,945 [Worker-38: Launching Executing clean in C__HandsOn_Java_spring-example] INFO  o.eclipse.m2e.core.internal.Bundles - 	Entry: C:\Users\HARSHA\.p2\pool\plugins\org.eclipse.m2e.maven.runtime_3.9.900.20240824-1409\jars\maven-compat-3.9.9.jar
2025-02-08 15:12:17,945 [Worker-38: Launching Executing clean in C__HandsOn_Java_spring-example] INFO  o.eclipse.m2e.core.internal.Bundles - 	Entry: C:\Users\HARSHA\.p2\pool\plugins\org.eclipse.m2e.maven.runtime_3.9.900.20240824-1409\jars\maven-core-3.9.9.jar
2025-02-08 15:12:17,945 [Worker-38: Launching Executing clean in C__HandsOn_Java_spring-example] INFO  o.eclipse.m2e.core.internal.Bundles - 	Entry: C:\Users\HARSHA\.p2\pool\plugins\org.eclipse.m2e.maven.runtime_3.9.900.20240824-1409\jars\maven-embedder-3.9.9.jar
2025-02-08 15:12:17,946 [Worker-38: Launching Executing clean in C__HandsOn_Java_spring-example] INFO  o.eclipse.m2e.core.internal.Bundles - 	Entry: C:\Users\HARSHA\.p2\pool\plugins\org.eclipse.m2e.maven.runtime_3.9.900.20240824-1409\jars\maven-model-3.9.9.jar
2025-02-08 15:12:17,946 [Worker-38: Launching Executing clean in C__HandsOn_Java_spring-example] INFO  o.eclipse.m2e.core.internal.Bundles - 	Entry: C:\Users\HARSHA\.p2\pool\plugins\org.eclipse.m2e.maven.runtime_3.9.900.20240824-1409\jars\maven-model-builder-3.9.9.jar
2025-02-08 15:12:17,946 [Worker-38: Launching Executing clean in C__HandsOn_Java_spring-example] INFO  o.eclipse.m2e.core.internal.Bundles - 	Entry: C:\Users\HARSHA\.p2\pool\plugins\org.eclipse.m2e.maven.runtime_3.9.900.20240824-1409\jars\maven-plugin-api-3.9.9.jar
2025-02-08 15:12:17,946 [Worker-38: Launching Executing clean in C__HandsOn_Java_spring-example] INFO  o.eclipse.m2e.core.internal.Bundles - 	Entry: C:\Users\HARSHA\.p2\pool\plugins\org.eclipse.m2e.maven.runtime_3.9.900.20240824-1409\jars\maven-repository-metadata-3.9.9.jar
2025-02-08 15:12:17,946 [Worker-38: Launching Executing clean in C__HandsOn_Java_spring-example] INFO  o.eclipse.m2e.core.internal.Bundles - 	Entry: C:\Users\HARSHA\.p2\pool\plugins\org.eclipse.m2e.maven.runtime_3.9.900.20240824-1409\jars\maven-resolver-api-1.9.22.jar
2025-02-08 15:12:17,947 [Worker-38: Launching Executing clean in C__HandsOn_Java_spring-example] INFO  o.eclipse.m2e.core.internal.Bundles - 	Entry: C:\Users\HARSHA\.p2\pool\plugins\org.eclipse.m2e.maven.runtime_3.9.900.20240824-1409\jars\maven-resolver-connector-basic-1.9.22.jar
2025-02-08 15:12:17,947 [Worker-38: Launching Executing clean in C__HandsOn_Java_spring-example] INFO  o.eclipse.m2e.core.internal.Bundles - 	Entry: C:\Users\HARSHA\.p2\pool\plugins\org.eclipse.m2e.maven.runtime_3.9.900.20240824-1409\jars\maven-resolver-impl-1.9.22.jar
2025-02-08 15:12:17,947 [Worker-38: Launching Executing clean in C__HandsOn_Java_spring-example] INFO  o.eclipse.m2e.core.internal.Bundles - 	Entry: C:\Users\HARSHA\.p2\pool\plugins\org.eclipse.m2e.maven.runtime_3.9.900.20240824-1409\jars\maven-resolver-named-locks-1.9.22.jar
2025-02-08 15:12:17,948 [Worker-38: Launching Executing clean in C__HandsOn_Java_spring-example] INFO  o.eclipse.m2e.core.internal.Bundles - 	Entry: C:\Users\HARSHA\.p2\pool\plugins\org.eclipse.m2e.maven.runtime_3.9.900.20240824-1409\jars\maven-resolver-provider-3.9.9.jar
2025-02-08 15:12:17,948 [Worker-38: Launching Executing clean in C__HandsOn_Java_spring-example] INFO  o.eclipse.m2e.core.internal.Bundles - 	Entry: C:\Users\HARSHA\.p2\pool\plugins\org.eclipse.m2e.maven.runtime_3.9.900.20240824-1409\jars\maven-resolver-spi-1.9.22.jar
2025-02-08 15:12:17,948 [Worker-38: Launching Executing clean in C__HandsOn_Java_spring-example] INFO  o.eclipse.m2e.core.internal.Bundles - 	Entry: C:\Users\HARSHA\.p2\pool\plugins\org.eclipse.m2e.maven.runtime_3.9.900.20240824-1409\jars\maven-resolver-transport-file-1.9.22.jar
2025-02-08 15:12:17,948 [Worker-38: Launching Executing clean in C__HandsOn_Java_spring-example] INFO  o.eclipse.m2e.core.internal.Bundles - 	Entry: C:\Users\HARSHA\.p2\pool\plugins\org.eclipse.m2e.maven.runtime_3.9.900.20240824-1409\jars\maven-resolver-transport-http-1.9.22.jar
2025-02-08 15:12:17,948 [Worker-38: Launching Executing clean in C__HandsOn_Java_spring-example] INFO  o.eclipse.m2e.core.internal.Bundles - 	Entry: C:\Users\HARSHA\.p2\pool\plugins\org.eclipse.m2e.maven.runtime_3.9.900.20240824-1409\jars\maven-resolver-transport-wagon-1.9.22.jar
2025-02-08 15:12:17,948 [Worker-38: Launching Executing clean in C__HandsOn_Java_spring-example] INFO  o.eclipse.m2e.core.internal.Bundles - 	Entry: C:\Users\HARSHA\.p2\pool\plugins\org.eclipse.m2e.maven.runtime_3.9.900.20240824-1409\jars\maven-resolver-util-1.9.22.jar
2025-02-08 15:12:17,949 [Worker-38: Launching Executing clean in C__HandsOn_Java_spring-example] INFO  o.eclipse.m2e.core.internal.Bundles - 	Entry: C:\Users\HARSHA\.p2\pool\plugins\org.eclipse.m2e.maven.runtime_3.9.900.20240824-1409\jars\maven-settings-3.9.9.jar
2025-02-08 15:12:17,949 [Worker-38: Launching Executing clean in C__HandsOn_Java_spring-example] INFO  o.eclipse.m2e.core.internal.Bundles - 	Entry: C:\Users\HARSHA\.p2\pool\plugins\org.eclipse.m2e.maven.runtime_3.9.900.20240824-1409\jars\maven-settings-builder-3.9.9.jar
2025-02-08 15:12:17,949 [Worker-38: Launching Executing clean in C__HandsOn_Java_spring-example] INFO  o.eclipse.m2e.core.internal.Bundles - 	Entry: C:\Users\HARSHA\.p2\pool\plugins\org.eclipse.m2e.maven.runtime_3.9.900.20240824-1409\jars\maven-shared-utils-3.4.2.jar
2025-02-08 15:12:17,949 [Worker-38: Launching Executing clean in C__HandsOn_Java_spring-example] INFO  o.eclipse.m2e.core.internal.Bundles - 	Entry: C:\Users\HARSHA\.p2\pool\plugins\org.eclipse.m2e.maven.runtime_3.9.900.20240824-1409\jars\org.eclipse.sisu.inject-0.9.0.M3.jar
2025-02-08 15:12:17,949 [Worker-38: Launching Executing clean in C__HandsOn_Java_spring-example] INFO  o.eclipse.m2e.core.internal.Bundles - 	Entry: C:\Users\HARSHA\.p2\pool\plugins\org.eclipse.m2e.maven.runtime_3.9.900.20240824-1409\jars\org.eclipse.sisu.plexus-0.9.0.M3.jar
2025-02-08 15:12:17,949 [Worker-38: Launching Executing clean in C__HandsOn_Java_spring-example] INFO  o.eclipse.m2e.core.internal.Bundles - 	Entry: C:\Users\HARSHA\.p2\pool\plugins\org.eclipse.m2e.maven.runtime_3.9.900.20240824-1409\jars\plexus-build-api-0.0.7.jar
2025-02-08 15:12:17,950 [Worker-38: Launching Executing clean in C__HandsOn_Java_spring-example] INFO  o.eclipse.m2e.core.internal.Bundles - 	Entry: C:\Users\HARSHA\.p2\pool\plugins\org.eclipse.m2e.maven.runtime_3.9.900.20240824-1409\jars\plexus-build-api-1.2.0.jar
2025-02-08 15:12:17,950 [Worker-38: Launching Executing clean in C__HandsOn_Java_spring-example] INFO  o.eclipse.m2e.core.internal.Bundles - 	Entry: C:\Users\HARSHA\.p2\pool\plugins\org.eclipse.m2e.maven.runtime_3.9.900.20240824-1409\jars\plexus-cipher-2.0.jar
2025-02-08 15:12:17,950 [Worker-38: Launching Executing clean in C__HandsOn_Java_spring-example] INFO  o.eclipse.m2e.core.internal.Bundles - 	Entry: C:\Users\HARSHA\.p2\pool\plugins\org.eclipse.m2e.maven.runtime_3.9.900.20240824-1409\jars\plexus-classworlds-2.8.0.jar
2025-02-08 15:12:17,950 [Worker-38: Launching Executing clean in C__HandsOn_Java_spring-example] INFO  o.eclipse.m2e.core.internal.Bundles - 	Entry: C:\Users\HARSHA\.p2\pool\plugins\org.eclipse.m2e.maven.runtime_3.9.900.20240824-1409\jars\plexus-component-annotations-2.1.0.jar
2025-02-08 15:12:17,950 [Worker-38: Launching Executing clean in C__HandsOn_Java_spring-example] INFO  o.eclipse.m2e.core.internal.Bundles - 	Entry: C:\Users\HARSHA\.p2\pool\plugins\org.eclipse.m2e.maven.runtime_3.9.900.20240824-1409\jars\plexus-interpolation-1.27.jar
2025-02-08 15:12:17,950 [Worker-38: Launching Executing clean in C__HandsOn_Java_spring-example] INFO  o.eclipse.m2e.core.internal.Bundles - 	Entry: C:\Users\HARSHA\.p2\pool\plugins\org.eclipse.m2e.maven.runtime_3.9.900.20240824-1409\jars\plexus-sec-dispatcher-2.0.jar
2025-02-08 15:12:17,951 [Worker-38: Launching Executing clean in C__HandsOn_Java_spring-example] INFO  o.eclipse.m2e.core.internal.Bundles - 	Entry: C:\Users\HARSHA\.p2\pool\plugins\org.eclipse.m2e.maven.runtime_3.9.900.20240824-1409\jars\plexus-utils-3.5.1.jar
2025-02-08 15:12:17,951 [Worker-38: Launching Executing clean in C__HandsOn_Java_spring-example] INFO  o.eclipse.m2e.core.internal.Bundles - 	Entry: C:\Users\HARSHA\.p2\pool\plugins\org.eclipse.m2e.maven.runtime_3.9.900.20240824-1409\jars\plexus-xml-3.0.1.jar
2025-02-08 15:12:17,951 [Worker-38: Launching Executing clean in C__HandsOn_Java_spring-example] INFO  o.eclipse.m2e.core.internal.Bundles - 	Entry: C:\Users\HARSHA\.p2\pool\plugins\org.eclipse.m2e.maven.runtime_3.9.900.20240824-1409\jars\wagon-file-3.5.3.jar
2025-02-08 15:12:17,951 [Worker-38: Launching Executing clean in C__HandsOn_Java_spring-example] INFO  o.eclipse.m2e.core.internal.Bundles - 	Entry: C:\Users\HARSHA\.p2\pool\plugins\org.eclipse.m2e.maven.runtime_3.9.900.20240824-1409\jars\wagon-http-3.5.3.jar
2025-02-08 15:12:17,951 [Worker-38: Launching Executing clean in C__HandsOn_Java_spring-example] INFO  o.eclipse.m2e.core.internal.Bundles - 	Entry: C:\Users\HARSHA\.p2\pool\plugins\org.eclipse.m2e.maven.runtime_3.9.900.20240824-1409\jars\wagon-http-shared-3.5.3.jar
2025-02-08 15:12:17,952 [Worker-38: Launching Executing clean in C__HandsOn_Java_spring-example] INFO  o.eclipse.m2e.core.internal.Bundles - 	Entry: C:\Users\HARSHA\.p2\pool\plugins\org.eclipse.m2e.maven.runtime_3.9.900.20240824-1409\jars\wagon-provider-api-3.5.3.jar
2025-02-08 15:12:17,952 [Worker-38: Launching Executing clean in C__HandsOn_Java_spring-example] INFO  o.eclipse.m2e.core.internal.Bundles - getClasspathEntries(Bundle=com.google.guava_33.3.0.jre [10])
2025-02-08 15:12:17,952 [Worker-38: Launching Executing clean in C__HandsOn_Java_spring-example] INFO  o.eclipse.m2e.core.internal.Bundles - 	Entry: C:\Users\HARSHA\.p2\pool\plugins\com.google.guava_33.3.0.jre.jar
2025-02-08 15:12:17,952 [Worker-38: Launching Executing clean in C__HandsOn_Java_spring-example] INFO  o.eclipse.m2e.core.internal.Bundles - getClasspathEntries(Bundle=slf4j.api_2.0.16 [521])
2025-02-08 15:12:17,953 [Worker-38: Launching Executing clean in C__HandsOn_Java_spring-example] INFO  o.eclipse.m2e.core.internal.Bundles - 	Entry: C:\Users\HARSHA\.p2\pool\plugins\slf4j.api_2.0.16.jar
2025-02-08 15:12:17,953 [Worker-38: Launching Executing clean in C__HandsOn_Java_spring-example] INFO  o.eclipse.m2e.core.internal.Bundles - getClasspathEntries(Bundle=jakarta.inject.jakarta.inject-api_1.0.5 [22])
2025-02-08 15:12:17,953 [Worker-38: Launching Executing clean in C__HandsOn_Java_spring-example] INFO  o.eclipse.m2e.core.internal.Bundles - 	Entry: C:\Users\HARSHA\.p2\pool\plugins\jakarta.inject.jakarta.inject-api_1.0.5.jar
2025-02-08 15:12:17,953 [Worker-38: Launching Executing clean in C__HandsOn_Java_spring-example] INFO  o.eclipse.m2e.core.internal.Bundles - getClasspathEntries(Bundle=jakarta.annotation-api_1.3.5 [20])
2025-02-08 15:12:17,953 [Worker-38: Launching Executing clean in C__HandsOn_Java_spring-example] INFO  o.eclipse.m2e.core.internal.Bundles - 	Entry: C:\Users\HARSHA\.p2\pool\plugins\jakarta.annotation-api_1.3.5.jar
2025-02-08 15:12:17,953 [Worker-38: Launching Executing clean in C__HandsOn_Java_spring-example] INFO  o.eclipse.m2e.core.internal.Bundles - getClasspathEntries(Bundle=org.apache.commons.cli_1.9.0 [47])
2025-02-08 15:12:17,954 [Worker-38: Launching Executing clean in C__HandsOn_Java_spring-example] INFO  o.eclipse.m2e.core.internal.Bundles - 	Entry: C:\Users\HARSHA\.p2\pool\plugins\org.apache.commons.cli_1.9.0.jar
2025-02-08 15:12:17,954 [Worker-38: Launching Executing clean in C__HandsOn_Java_spring-example] INFO  o.eclipse.m2e.core.internal.Bundles - getClasspathEntries(Bundle=org.apache.commons.commons-codec_1.16.0 [50])
2025-02-08 15:12:17,954 [Worker-38: Launching Executing clean in C__HandsOn_Java_spring-example] INFO  o.eclipse.m2e.core.internal.Bundles - 	Entry: C:\Users\HARSHA\.p2\pool\plugins\org.apache.commons.commons-codec_1.16.0.jar
2025-02-08 15:12:17,954 [Worker-38: Launching Executing clean in C__HandsOn_Java_spring-example] INFO  o.eclipse.m2e.core.internal.Bundles - getClasspathEntries(Bundle=com.google.guava.failureaccess_1.0.2 [11])
2025-02-08 15:12:17,954 [Worker-38: Launching Executing clean in C__HandsOn_Java_spring-example] INFO  o.eclipse.m2e.core.internal.Bundles - 	Entry: C:\Users\HARSHA\.p2\pool\plugins\com.google.guava.failureaccess_1.0.2.jar
2025-02-08 15:12:17,955 [Worker-38: Launching Executing clean in C__HandsOn_Java_spring-example] INFO  o.e.m.i.launch.MavenLaunchDelegate - Run build in "C:\HandsOn\Java\spring-example":
2025-02-08 15:12:17,955 [Worker-38: Launching Executing clean in C__HandsOn_Java_spring-example] INFO  o.e.m.i.launch.MavenLaunchDelegate -  mvn  -B -Dstyle.color=always clean
2025-02-08 15:12:18,321 [Worker-37: Download sources and javadoc] INFO  o.e.m.c.i.e.AbstractTransferListenerAdapter - Downloaded https://repo.maven.apache.org/maven2/org/springframework/spring-context/7.0.0-M1/spring-context-7.0.0-M1-sources.jar
2025-02-08 15:12:18,323 [Worker-37: Download sources and javadoc] INFO  o.e.m.j.internal.DownloadSourcesJob - Downloaded sources for org.springframework:spring-context:7.0.0-M1
2025-02-08 15:12:18,600 [Worker-37: Download sources and javadoc] INFO  o.e.m.c.i.e.AbstractTransferListenerAdapter - Downloading https://repo.maven.apache.org/maven2/org/springframework/spring-aop/7.0.0-M1/spring-aop-7.0.0-M1-sources.jar
2025-02-08 15:12:18,995 [Worker-37: Download sources and javadoc] INFO  o.e.m.c.i.e.AbstractTransferListenerAdapter - Downloaded https://repo.maven.apache.org/maven2/org/springframework/spring-aop/7.0.0-M1/spring-aop-7.0.0-M1-sources.jar
2025-02-08 15:12:18,999 [Worker-37: Download sources and javadoc] INFO  o.e.m.j.internal.DownloadSourcesJob - Downloaded sources for org.springframework:spring-aop:7.0.0-M1
2025-02-08 15:12:19,252 [Worker-37: Download sources and javadoc] INFO  o.e.m.c.i.e.AbstractTransferListenerAdapter - Downloading https://repo.maven.apache.org/maven2/org/springframework/spring-beans/7.0.0-M1/spring-beans-7.0.0-M1-sources.jar
2025-02-08 15:12:19,738 [Worker-37: Download sources and javadoc] INFO  o.e.m.c.i.e.AbstractTransferListenerAdapter - Downloaded https://repo.maven.apache.org/maven2/org/springframework/spring-beans/7.0.0-M1/spring-beans-7.0.0-M1-sources.jar
2025-02-08 15:12:19,742 [Worker-37: Download sources and javadoc] INFO  o.e.m.j.internal.DownloadSourcesJob - Downloaded sources for org.springframework:spring-beans:7.0.0-M1
2025-02-08 15:12:20,042 [Worker-37: Download sources and javadoc] INFO  o.e.m.c.i.e.AbstractTransferListenerAdapter - Downloading https://repo.maven.apache.org/maven2/org/springframework/spring-core/7.0.0-M1/spring-core-7.0.0-M1-sources.jar
2025-02-08 15:12:21,294 [Worker-37: Download sources and javadoc] INFO  o.e.m.c.i.e.AbstractTransferListenerAdapter - Downloaded https://repo.maven.apache.org/maven2/org/springframework/spring-core/7.0.0-M1/spring-core-7.0.0-M1-sources.jar
2025-02-08 15:12:21,297 [Worker-37: Download sources and javadoc] INFO  o.e.m.j.internal.DownloadSourcesJob - Downloaded sources for org.springframework:spring-core:7.0.0-M1
2025-02-08 15:12:21,557 [Worker-37: Download sources and javadoc] INFO  o.e.m.c.i.e.AbstractTransferListenerAdapter - Downloading https://repo.maven.apache.org/maven2/commons-logging/commons-logging/1.3.4/commons-logging-1.3.4-sources.jar
2025-02-08 15:12:21,728 [Worker-37: Download sources and javadoc] INFO  o.e.m.c.i.e.AbstractTransferListenerAdapter - Downloaded https://repo.maven.apache.org/maven2/commons-logging/commons-logging/1.3.4/commons-logging-1.3.4-sources.jar
2025-02-08 15:12:21,731 [Worker-37: Download sources and javadoc] INFO  o.e.m.j.internal.DownloadSourcesJob - Downloaded sources for commons-logging:commons-logging:1.3.4
2025-02-08 15:12:22,033 [Worker-37: Download sources and javadoc] INFO  o.e.m.c.i.e.AbstractTransferListenerAdapter - Downloading https://repo.maven.apache.org/maven2/org/jspecify/jspecify/1.0.0/jspecify-1.0.0-sources.jar
2025-02-08 15:12:22,103 [Worker-37: Download sources and javadoc] INFO  o.e.m.c.i.e.AbstractTransferListenerAdapter - Downloaded https://repo.maven.apache.org/maven2/org/jspecify/jspecify/1.0.0/jspecify-1.0.0-sources.jar
2025-02-08 15:12:22,107 [Worker-37: Download sources and javadoc] INFO  o.e.m.j.internal.DownloadSourcesJob - Downloaded sources for org.jspecify:jspecify:1.0.0
2025-02-08 15:12:22,392 [Worker-37: Download sources and javadoc] INFO  o.e.m.c.i.e.AbstractTransferListenerAdapter - Downloading https://repo.maven.apache.org/maven2/org/springframework/spring-expression/7.0.0-M1/spring-expression-7.0.0-M1-sources.jar
2025-02-08 15:12:22,709 [Worker-37: Download sources and javadoc] INFO  o.e.m.c.i.e.AbstractTransferListenerAdapter - Downloaded https://repo.maven.apache.org/maven2/org/springframework/spring-expression/7.0.0-M1/spring-expression-7.0.0-M1-sources.jar
2025-02-08 15:12:22,713 [Worker-37: Download sources and javadoc] INFO  o.e.m.j.internal.DownloadSourcesJob - Downloaded sources for org.springframework:spring-expression:7.0.0-M1
2025-02-08 15:12:23,883 [Worker-33: Building] WARN  o.a.m.s.f.DefaultMavenResourcesFiltering - Using platform encoding (UTF-8 actually) to copy filtered resources, i.e. build is platform dependent!
2025-02-08 15:12:23,884 [Worker-33: Building] INFO  o.a.m.s.f.DefaultMavenResourcesFiltering - Copying 0 resource from src\main\resources to target\classes
2025-02-08 15:12:23,886 [Worker-33: Building] WARN  o.a.m.s.f.DefaultMavenResourcesFiltering - Using platform encoding (UTF-8 actually) to copy filtered resources, i.e. build is platform dependent!
2025-02-08 15:12:23,887 [Worker-33: Building] INFO  o.a.m.s.f.DefaultMavenResourcesFiltering - Copying 0 resource from src\test\resources to target\test-classes
2025-02-08 15:16:42,795 [Worker-42: Building] WARN  o.a.m.s.f.DefaultMavenResourcesFiltering - Using platform encoding (UTF-8 actually) to copy filtered resources, i.e. build is platform dependent!
2025-02-08 15:16:42,797 [Worker-42: Building] INFO  o.a.m.s.f.DefaultMavenResourcesFiltering - Copying 0 resource from src\main\resources to target\classes
2025-02-08 15:16:42,798 [Worker-42: Building] WARN  o.a.m.s.f.DefaultMavenResourcesFiltering - Using platform encoding (UTF-8 actually) to copy filtered resources, i.e. build is platform dependent!
2025-02-08 15:16:42,799 [Worker-42: Building] INFO  o.a.m.s.f.DefaultMavenResourcesFiltering - Copying 0 resource from src\test\resources to target\test-classes
2025-02-08 15:20:49,825 [Worker-36: Building] WARN  o.a.m.s.f.DefaultMavenResourcesFiltering - Using platform encoding (UTF-8 actually) to copy filtered resources, i.e. build is platform dependent!
2025-02-08 15:20:49,826 [Worker-36: Building] INFO  o.a.m.s.f.DefaultMavenResourcesFiltering - Copying 0 resource from src\main\resources to target\classes
2025-02-08 15:20:49,828 [Worker-36: Building] WARN  o.a.m.s.f.DefaultMavenResourcesFiltering - Using platform encoding (UTF-8 actually) to copy filtered resources, i.e. build is platform dependent!
2025-02-08 15:20:49,830 [Worker-36: Building] INFO  o.a.m.s.f.DefaultMavenResourcesFiltering - Copying 0 resource from src\test\resources to target\test-classes
2025-02-08 15:20:58,032 [Worker-36: Building] WARN  o.a.m.s.f.DefaultMavenResourcesFiltering - Using platform encoding (UTF-8 actually) to copy filtered resources, i.e. build is platform dependent!
2025-02-08 15:20:58,033 [Worker-36: Building] INFO  o.a.m.s.f.DefaultMavenResourcesFiltering - Copying 0 resource from src\main\resources to target\classes
2025-02-08 15:20:58,036 [Worker-36: Building] WARN  o.a.m.s.f.DefaultMavenResourcesFiltering - Using platform encoding (UTF-8 actually) to copy filtered resources, i.e. build is platform dependent!
2025-02-08 15:20:58,037 [Worker-36: Building] INFO  o.a.m.s.f.DefaultMavenResourcesFiltering - Copying 0 resource from src\test\resources to target\test-classes
2025-02-08 15:21:08,535 [Worker-43: Building] WARN  o.a.m.s.f.DefaultMavenResourcesFiltering - Using platform encoding (UTF-8 actually) to copy filtered resources, i.e. build is platform dependent!
2025-02-08 15:21:08,536 [Worker-43: Building] INFO  o.a.m.s.f.DefaultMavenResourcesFiltering - Copying 0 resource from src\main\resources to target\classes
2025-02-08 15:21:08,539 [Worker-43: Building] WARN  o.a.m.s.f.DefaultMavenResourcesFiltering - Using platform encoding (UTF-8 actually) to copy filtered resources, i.e. build is platform dependent!
2025-02-08 15:21:08,541 [Worker-43: Building] INFO  o.a.m.s.f.DefaultMavenResourcesFiltering - Copying 0 resource from src\test\resources to target\test-classes
2025-02-08 15:24:03,635 [Worker-36: Building] WARN  o.a.m.s.f.DefaultMavenResourcesFiltering - Using platform encoding (UTF-8 actually) to copy filtered resources, i.e. build is platform dependent!
2025-02-08 15:24:03,636 [Worker-36: Building] INFO  o.a.m.s.f.DefaultMavenResourcesFiltering - Copying 0 resource from src\main\resources to target\classes
2025-02-08 15:24:03,639 [Worker-36: Building] WARN  o.a.m.s.f.DefaultMavenResourcesFiltering - Using platform encoding (UTF-8 actually) to copy filtered resources, i.e. build is platform dependent!
2025-02-08 15:24:03,640 [Worker-36: Building] INFO  o.a.m.s.f.DefaultMavenResourcesFiltering - Copying 0 resource from src\test\resources to target\test-classes
2025-02-08 15:24:30,176 [Worker-43: Building] WARN  o.a.m.s.f.DefaultMavenResourcesFiltering - Using platform encoding (UTF-8 actually) to copy filtered resources, i.e. build is platform dependent!
2025-02-08 15:24:30,177 [Worker-43: Building] INFO  o.a.m.s.f.DefaultMavenResourcesFiltering - Copying 0 resource from src\main\resources to target\classes
2025-02-08 15:24:30,179 [Worker-43: Building] WARN  o.a.m.s.f.DefaultMavenResourcesFiltering - Using platform encoding (UTF-8 actually) to copy filtered resources, i.e. build is platform dependent!
2025-02-08 15:24:30,180 [Worker-43: Building] INFO  o.a.m.s.f.DefaultMavenResourcesFiltering - Copying 0 resource from src\test\resources to target\test-classes
2025-02-08 15:26:09,013 [Worker-36: Building] WARN  o.a.m.s.f.DefaultMavenResourcesFiltering - Using platform encoding (UTF-8 actually) to copy filtered resources, i.e. build is platform dependent!
2025-02-08 15:26:09,014 [Worker-36: Building] INFO  o.a.m.s.f.DefaultMavenResourcesFiltering - Copying 0 resource from src\main\resources to target\classes
2025-02-08 15:26:09,016 [Worker-36: Building] WARN  o.a.m.s.f.DefaultMavenResourcesFiltering - Using platform encoding (UTF-8 actually) to copy filtered resources, i.e. build is platform dependent!
2025-02-08 15:26:09,017 [Worker-36: Building] INFO  o.a.m.s.f.DefaultMavenResourcesFiltering - Copying 0 resource from src\test\resources to target\test-classes
2025-02-08 15:27:48,840 [Worker-45: Building] WARN  o.a.m.s.f.DefaultMavenResourcesFiltering - Using platform encoding (UTF-8 actually) to copy filtered resources, i.e. build is platform dependent!
2025-02-08 15:27:48,840 [Worker-45: Building] INFO  o.a.m.s.f.DefaultMavenResourcesFiltering - Copying 0 resource from src\main\resources to target\classes
2025-02-08 15:27:48,843 [Worker-45: Building] WARN  o.a.m.s.f.DefaultMavenResourcesFiltering - Using platform encoding (UTF-8 actually) to copy filtered resources, i.e. build is platform dependent!
2025-02-08 15:27:48,844 [Worker-45: Building] INFO  o.a.m.s.f.DefaultMavenResourcesFiltering - Copying 0 resource from src\test\resources to target\test-classes
2025-02-08 15:28:01,499 [Worker-48: Building] WARN  o.a.m.s.f.DefaultMavenResourcesFiltering - Using platform encoding (UTF-8 actually) to copy filtered resources, i.e. build is platform dependent!
2025-02-08 15:28:01,500 [Worker-48: Building] INFO  o.a.m.s.f.DefaultMavenResourcesFiltering - Copying 0 resource from src\main\resources to target\classes
2025-02-08 15:28:01,503 [Worker-48: Building] WARN  o.a.m.s.f.DefaultMavenResourcesFiltering - Using platform encoding (UTF-8 actually) to copy filtered resources, i.e. build is platform dependent!
2025-02-08 15:28:01,504 [Worker-48: Building] INFO  o.a.m.s.f.DefaultMavenResourcesFiltering - Copying 0 resource from src\test\resources to target\test-classes
2025-02-08 15:33:15,086 [Worker-45: Building] WARN  o.a.m.s.f.DefaultMavenResourcesFiltering - Using platform encoding (UTF-8 actually) to copy filtered resources, i.e. build is platform dependent!
2025-02-08 15:33:15,087 [Worker-45: Building] INFO  o.a.m.s.f.DefaultMavenResourcesFiltering - Copying 0 resource from src\main\resources to target\classes
2025-02-08 15:33:15,089 [Worker-45: Building] WARN  o.a.m.s.f.DefaultMavenResourcesFiltering - Using platform encoding (UTF-8 actually) to copy filtered resources, i.e. build is platform dependent!
2025-02-08 15:33:15,089 [Worker-45: Building] INFO  o.a.m.s.f.DefaultMavenResourcesFiltering - Copying 0 resource from src\test\resources to target\test-classes
2025-02-08 15:36:10,878 [Worker-50: Building] WARN  o.a.m.s.f.DefaultMavenResourcesFiltering - Using platform encoding (UTF-8 actually) to copy filtered resources, i.e. build is platform dependent!
2025-02-08 15:36:10,879 [Worker-50: Building] INFO  o.a.m.s.f.DefaultMavenResourcesFiltering - Copying 0 resource from src\main\resources to target\classes
2025-02-08 15:36:10,888 [Worker-50: Building] WARN  o.a.m.s.f.DefaultMavenResourcesFiltering - Using platform encoding (UTF-8 actually) to copy filtered resources, i.e. build is platform dependent!
2025-02-08 15:36:10,889 [Worker-50: Building] INFO  o.a.m.s.f.DefaultMavenResourcesFiltering - Copying 0 resource from src\test\resources to target\test-classes
2025-02-08 15:36:44,575 [Worker-49: Building] WARN  o.a.m.s.f.DefaultMavenResourcesFiltering - Using platform encoding (UTF-8 actually) to copy filtered resources, i.e. build is platform dependent!
2025-02-08 15:36:44,576 [Worker-49: Building] INFO  o.a.m.s.f.DefaultMavenResourcesFiltering - Copying 0 resource from src\main\resources to target\classes
2025-02-08 15:36:44,578 [Worker-49: Building] WARN  o.a.m.s.f.DefaultMavenResourcesFiltering - Using platform encoding (UTF-8 actually) to copy filtered resources, i.e. build is platform dependent!
2025-02-08 15:36:44,579 [Worker-49: Building] INFO  o.a.m.s.f.DefaultMavenResourcesFiltering - Copying 0 resource from src\test\resources to target\test-classes
2025-02-08 15:38:07,089 [Worker-52: Building] WARN  o.a.m.s.f.DefaultMavenResourcesFiltering - Using platform encoding (UTF-8 actually) to copy filtered resources, i.e. build is platform dependent!
2025-02-08 15:38:07,090 [Worker-52: Building] INFO  o.a.m.s.f.DefaultMavenResourcesFiltering - Copying 0 resource from src\main\resources to target\classes
2025-02-08 15:38:07,092 [Worker-52: Building] WARN  o.a.m.s.f.DefaultMavenResourcesFiltering - Using platform encoding (UTF-8 actually) to copy filtered resources, i.e. build is platform dependent!
2025-02-08 15:38:07,093 [Worker-52: Building] INFO  o.a.m.s.f.DefaultMavenResourcesFiltering - Copying 0 resource from src\test\resources to target\test-classes
2025-02-08 15:38:28,117 [Worker-52: Building] WARN  o.a.m.s.f.DefaultMavenResourcesFiltering - Using platform encoding (UTF-8 actually) to copy filtered resources, i.e. build is platform dependent!
2025-02-08 15:38:28,118 [Worker-52: Building] INFO  o.a.m.s.f.DefaultMavenResourcesFiltering - Copying 0 resource from src\main\resources to target\classes
2025-02-08 15:38:28,123 [Worker-52: Building] WARN  o.a.m.s.f.DefaultMavenResourcesFiltering - Using platform encoding (UTF-8 actually) to copy filtered resources, i.e. build is platform dependent!
2025-02-08 15:38:28,125 [Worker-52: Building] INFO  o.a.m.s.f.DefaultMavenResourcesFiltering - Copying 0 resource from src\test\resources to target\test-classes
2025-02-08 15:40:31,955 [Worker-51: Building] WARN  o.a.m.s.f.DefaultMavenResourcesFiltering - Using platform encoding (UTF-8 actually) to copy filtered resources, i.e. build is platform dependent!
2025-02-08 15:40:31,957 [Worker-51: Building] INFO  o.a.m.s.f.DefaultMavenResourcesFiltering - Copying 0 resource from src\main\resources to target\classes
2025-02-08 15:40:31,959 [Worker-51: Building] WARN  o.a.m.s.f.DefaultMavenResourcesFiltering - Using platform encoding (UTF-8 actually) to copy filtered resources, i.e. build is platform dependent!
2025-02-08 15:40:31,960 [Worker-51: Building] INFO  o.a.m.s.f.DefaultMavenResourcesFiltering - Copying 0 resource from src\test\resources to target\test-classes
2025-02-08 15:40:52,478 [Worker-53: Building] WARN  o.a.m.s.f.DefaultMavenResourcesFiltering - Using platform encoding (UTF-8 actually) to copy filtered resources, i.e. build is platform dependent!
2025-02-08 15:40:52,480 [Worker-53: Building] INFO  o.a.m.s.f.DefaultMavenResourcesFiltering - Copying 0 resource from src\main\resources to target\classes
2025-02-08 15:40:52,483 [Worker-53: Building] WARN  o.a.m.s.f.DefaultMavenResourcesFiltering - Using platform encoding (UTF-8 actually) to copy filtered resources, i.e. build is platform dependent!
2025-02-08 15:40:52,484 [Worker-53: Building] INFO  o.a.m.s.f.DefaultMavenResourcesFiltering - Copying 0 resource from src\test\resources to target\test-classes
2025-02-08 15:42:12,283 [Worker-49: Building] WARN  o.a.m.s.f.DefaultMavenResourcesFiltering - Using platform encoding (UTF-8 actually) to copy filtered resources, i.e. build is platform dependent!
2025-02-08 15:42:12,284 [Worker-49: Building] INFO  o.a.m.s.f.DefaultMavenResourcesFiltering - Copying 0 resource from src\main\resources to target\classes
2025-02-08 15:42:12,286 [Worker-49: Building] WARN  o.a.m.s.f.DefaultMavenResourcesFiltering - Using platform encoding (UTF-8 actually) to copy filtered resources, i.e. build is platform dependent!
2025-02-08 15:42:12,287 [Worker-49: Building] INFO  o.a.m.s.f.DefaultMavenResourcesFiltering - Copying 0 resource from src\test\resources to target\test-classes
2025-02-08 15:49:42,218 [Worker-51: Building] WARN  o.a.m.s.f.DefaultMavenResourcesFiltering - Using platform encoding (UTF-8 actually) to copy filtered resources, i.e. build is platform dependent!
2025-02-08 15:49:42,220 [Worker-51: Building] INFO  o.a.m.s.f.DefaultMavenResourcesFiltering - Copying 0 resource from src\main\resources to target\classes
2025-02-08 15:49:42,222 [Worker-51: Building] WARN  o.a.m.s.f.DefaultMavenResourcesFiltering - Using platform encoding (UTF-8 actually) to copy filtered resources, i.e. build is platform dependent!
2025-02-08 15:49:42,223 [Worker-51: Building] INFO  o.a.m.s.f.DefaultMavenResourcesFiltering - Copying 0 resource from src\test\resources to target\test-classes
2025-02-08 15:49:58,570 [Worker-54: Launching Executing clean in C__HandsOn_Java_spring-example] INFO  o.eclipse.m2e.core.internal.Bundles - getClasspathEntries(Bundle=org.eclipse.m2e.maven.runtime_3.9.900.20240824-1409 [299])
2025-02-08 15:49:58,571 [Worker-54: Launching Executing clean in C__HandsOn_Java_spring-example] INFO  o.eclipse.m2e.core.internal.Bundles - 	Entry: C:\Users\HARSHA\.p2\pool\plugins\org.eclipse.m2e.maven.runtime_3.9.900.20240824-1409
2025-02-08 15:49:58,571 [Worker-54: Launching Executing clean in C__HandsOn_Java_spring-example] INFO  o.eclipse.m2e.core.internal.Bundles - 	Entry: C:\Users\HARSHA\.p2\pool\plugins\org.eclipse.m2e.maven.runtime_3.9.900.20240824-1409\jars\aopalliance-1.0.jar
2025-02-08 15:49:58,571 [Worker-54: Launching Executing clean in C__HandsOn_Java_spring-example] INFO  o.eclipse.m2e.core.internal.Bundles - 	Entry: C:\Users\HARSHA\.p2\pool\plugins\org.eclipse.m2e.maven.runtime_3.9.900.20240824-1409\jars\guice-5.1.0.jar
2025-02-08 15:49:58,572 [Worker-54: Launching Executing clean in C__HandsOn_Java_spring-example] INFO  o.eclipse.m2e.core.internal.Bundles - 	Entry: C:\Users\HARSHA\.p2\pool\plugins\org.eclipse.m2e.maven.runtime_3.9.900.20240824-1409\jars\httpclient-4.5.14.jar
2025-02-08 15:49:58,572 [Worker-54: Launching Executing clean in C__HandsOn_Java_spring-example] INFO  o.eclipse.m2e.core.internal.Bundles - 	Entry: C:\Users\HARSHA\.p2\pool\plugins\org.eclipse.m2e.maven.runtime_3.9.900.20240824-1409\jars\httpcore-4.4.16.jar
2025-02-08 15:49:58,572 [Worker-54: Launching Executing clean in C__HandsOn_Java_spring-example] INFO  o.eclipse.m2e.core.internal.Bundles - 	Entry: C:\Users\HARSHA\.p2\pool\plugins\org.eclipse.m2e.maven.runtime_3.9.900.20240824-1409\jars\jansi-2.4.1.jar
2025-02-08 15:49:58,572 [Worker-54: Launching Executing clean in C__HandsOn_Java_spring-example] INFO  o.eclipse.m2e.core.internal.Bundles - 	Entry: C:\Users\HARSHA\.p2\pool\plugins\org.eclipse.m2e.maven.runtime_3.9.900.20240824-1409\jars\jcl-over-slf4j-1.7.36.jar
2025-02-08 15:49:58,573 [Worker-54: Launching Executing clean in C__HandsOn_Java_spring-example] INFO  o.eclipse.m2e.core.internal.Bundles - 	Entry: C:\Users\HARSHA\.p2\pool\plugins\org.eclipse.m2e.maven.runtime_3.9.900.20240824-1409\jars\maven-artifact-3.9.9.jar
2025-02-08 15:49:58,573 [Worker-54: Launching Executing clean in C__HandsOn_Java_spring-example] INFO  o.eclipse.m2e.core.internal.Bundles - 	Entry: C:\Users\HARSHA\.p2\pool\plugins\org.eclipse.m2e.maven.runtime_3.9.900.20240824-1409\jars\maven-builder-support-3.9.9.jar
2025-02-08 15:49:58,573 [Worker-54: Launching Executing clean in C__HandsOn_Java_spring-example] INFO  o.eclipse.m2e.core.internal.Bundles - 	Entry: C:\Users\HARSHA\.p2\pool\plugins\org.eclipse.m2e.maven.runtime_3.9.900.20240824-1409\jars\maven-compat-3.9.9.jar
2025-02-08 15:49:58,573 [Worker-54: Launching Executing clean in C__HandsOn_Java_spring-example] INFO  o.eclipse.m2e.core.internal.Bundles - 	Entry: C:\Users\HARSHA\.p2\pool\plugins\org.eclipse.m2e.maven.runtime_3.9.900.20240824-1409\jars\maven-core-3.9.9.jar
2025-02-08 15:49:58,573 [Worker-54: Launching Executing clean in C__HandsOn_Java_spring-example] INFO  o.eclipse.m2e.core.internal.Bundles - 	Entry: C:\Users\HARSHA\.p2\pool\plugins\org.eclipse.m2e.maven.runtime_3.9.900.20240824-1409\jars\maven-embedder-3.9.9.jar
2025-02-08 15:49:58,574 [Worker-54: Launching Executing clean in C__HandsOn_Java_spring-example] INFO  o.eclipse.m2e.core.internal.Bundles - 	Entry: C:\Users\HARSHA\.p2\pool\plugins\org.eclipse.m2e.maven.runtime_3.9.900.20240824-1409\jars\maven-model-3.9.9.jar
2025-02-08 15:49:58,574 [Worker-54: Launching Executing clean in C__HandsOn_Java_spring-example] INFO  o.eclipse.m2e.core.internal.Bundles - 	Entry: C:\Users\HARSHA\.p2\pool\plugins\org.eclipse.m2e.maven.runtime_3.9.900.20240824-1409\jars\maven-model-builder-3.9.9.jar
2025-02-08 15:49:58,574 [Worker-54: Launching Executing clean in C__HandsOn_Java_spring-example] INFO  o.eclipse.m2e.core.internal.Bundles - 	Entry: C:\Users\HARSHA\.p2\pool\plugins\org.eclipse.m2e.maven.runtime_3.9.900.20240824-1409\jars\maven-plugin-api-3.9.9.jar
2025-02-08 15:49:58,574 [Worker-54: Launching Executing clean in C__HandsOn_Java_spring-example] INFO  o.eclipse.m2e.core.internal.Bundles - 	Entry: C:\Users\HARSHA\.p2\pool\plugins\org.eclipse.m2e.maven.runtime_3.9.900.20240824-1409\jars\maven-repository-metadata-3.9.9.jar
2025-02-08 15:49:58,575 [Worker-54: Launching Executing clean in C__HandsOn_Java_spring-example] INFO  o.eclipse.m2e.core.internal.Bundles - 	Entry: C:\Users\HARSHA\.p2\pool\plugins\org.eclipse.m2e.maven.runtime_3.9.900.20240824-1409\jars\maven-resolver-api-1.9.22.jar
2025-02-08 15:49:58,575 [Worker-54: Launching Executing clean in C__HandsOn_Java_spring-example] INFO  o.eclipse.m2e.core.internal.Bundles - 	Entry: C:\Users\HARSHA\.p2\pool\plugins\org.eclipse.m2e.maven.runtime_3.9.900.20240824-1409\jars\maven-resolver-connector-basic-1.9.22.jar
2025-02-08 15:49:58,575 [Worker-54: Launching Executing clean in C__HandsOn_Java_spring-example] INFO  o.eclipse.m2e.core.internal.Bundles - 	Entry: C:\Users\HARSHA\.p2\pool\plugins\org.eclipse.m2e.maven.runtime_3.9.900.20240824-1409\jars\maven-resolver-impl-1.9.22.jar
2025-02-08 15:49:58,576 [Worker-54: Launching Executing clean in C__HandsOn_Java_spring-example] INFO  o.eclipse.m2e.core.internal.Bundles - 	Entry: C:\Users\HARSHA\.p2\pool\plugins\org.eclipse.m2e.maven.runtime_3.9.900.20240824-1409\jars\maven-resolver-named-locks-1.9.22.jar
2025-02-08 15:49:58,576 [Worker-54: Launching Executing clean in C__HandsOn_Java_spring-example] INFO  o.eclipse.m2e.core.internal.Bundles - 	Entry: C:\Users\HARSHA\.p2\pool\plugins\org.eclipse.m2e.maven.runtime_3.9.900.20240824-1409\jars\maven-resolver-provider-3.9.9.jar
2025-02-08 15:49:58,576 [Worker-54: Launching Executing clean in C__HandsOn_Java_spring-example] INFO  o.eclipse.m2e.core.internal.Bundles - 	Entry: C:\Users\HARSHA\.p2\pool\plugins\org.eclipse.m2e.maven.runtime_3.9.900.20240824-1409\jars\maven-resolver-spi-1.9.22.jar
2025-02-08 15:49:58,576 [Worker-54: Launching Executing clean in C__HandsOn_Java_spring-example] INFO  o.eclipse.m2e.core.internal.Bundles - 	Entry: C:\Users\HARSHA\.p2\pool\plugins\org.eclipse.m2e.maven.runtime_3.9.900.20240824-1409\jars\maven-resolver-transport-file-1.9.22.jar
2025-02-08 15:49:58,576 [Worker-54: Launching Executing clean in C__HandsOn_Java_spring-example] INFO  o.eclipse.m2e.core.internal.Bundles - 	Entry: C:\Users\HARSHA\.p2\pool\plugins\org.eclipse.m2e.maven.runtime_3.9.900.20240824-1409\jars\maven-resolver-transport-http-1.9.22.jar
2025-02-08 15:49:58,576 [Worker-54: Launching Executing clean in C__HandsOn_Java_spring-example] INFO  o.eclipse.m2e.core.internal.Bundles - 	Entry: C:\Users\HARSHA\.p2\pool\plugins\org.eclipse.m2e.maven.runtime_3.9.900.20240824-1409\jars\maven-resolver-transport-wagon-1.9.22.jar
2025-02-08 15:49:58,576 [Worker-54: Launching Executing clean in C__HandsOn_Java_spring-example] INFO  o.eclipse.m2e.core.internal.Bundles - 	Entry: C:\Users\HARSHA\.p2\pool\plugins\org.eclipse.m2e.maven.runtime_3.9.900.20240824-1409\jars\maven-resolver-util-1.9.22.jar
2025-02-08 15:49:58,577 [Worker-54: Launching Executing clean in C__HandsOn_Java_spring-example] INFO  o.eclipse.m2e.core.internal.Bundles - 	Entry: C:\Users\HARSHA\.p2\pool\plugins\org.eclipse.m2e.maven.runtime_3.9.900.20240824-1409\jars\maven-settings-3.9.9.jar
2025-02-08 15:49:58,577 [Worker-54: Launching Executing clean in C__HandsOn_Java_spring-example] INFO  o.eclipse.m2e.core.internal.Bundles - 	Entry: C:\Users\HARSHA\.p2\pool\plugins\org.eclipse.m2e.maven.runtime_3.9.900.20240824-1409\jars\maven-settings-builder-3.9.9.jar
2025-02-08 15:49:58,577 [Worker-54: Launching Executing clean in C__HandsOn_Java_spring-example] INFO  o.eclipse.m2e.core.internal.Bundles - 	Entry: C:\Users\HARSHA\.p2\pool\plugins\org.eclipse.m2e.maven.runtime_3.9.900.20240824-1409\jars\maven-shared-utils-3.4.2.jar
2025-02-08 15:49:58,577 [Worker-54: Launching Executing clean in C__HandsOn_Java_spring-example] INFO  o.eclipse.m2e.core.internal.Bundles - 	Entry: C:\Users\HARSHA\.p2\pool\plugins\org.eclipse.m2e.maven.runtime_3.9.900.20240824-1409\jars\org.eclipse.sisu.inject-0.9.0.M3.jar
2025-02-08 15:49:58,577 [Worker-54: Launching Executing clean in C__HandsOn_Java_spring-example] INFO  o.eclipse.m2e.core.internal.Bundles - 	Entry: C:\Users\HARSHA\.p2\pool\plugins\org.eclipse.m2e.maven.runtime_3.9.900.20240824-1409\jars\org.eclipse.sisu.plexus-0.9.0.M3.jar
2025-02-08 15:49:58,578 [Worker-54: Launching Executing clean in C__HandsOn_Java_spring-example] INFO  o.eclipse.m2e.core.internal.Bundles - 	Entry: C:\Users\HARSHA\.p2\pool\plugins\org.eclipse.m2e.maven.runtime_3.9.900.20240824-1409\jars\plexus-build-api-0.0.7.jar
2025-02-08 15:49:58,578 [Worker-54: Launching Executing clean in C__HandsOn_Java_spring-example] INFO  o.eclipse.m2e.core.internal.Bundles - 	Entry: C:\Users\HARSHA\.p2\pool\plugins\org.eclipse.m2e.maven.runtime_3.9.900.20240824-1409\jars\plexus-build-api-1.2.0.jar
2025-02-08 15:49:58,578 [Worker-54: Launching Executing clean in C__HandsOn_Java_spring-example] INFO  o.eclipse.m2e.core.internal.Bundles - 	Entry: C:\Users\HARSHA\.p2\pool\plugins\org.eclipse.m2e.maven.runtime_3.9.900.20240824-1409\jars\plexus-cipher-2.0.jar
2025-02-08 15:49:58,578 [Worker-54: Launching Executing clean in C__HandsOn_Java_spring-example] INFO  o.eclipse.m2e.core.internal.Bundles - 	Entry: C:\Users\HARSHA\.p2\pool\plugins\org.eclipse.m2e.maven.runtime_3.9.900.20240824-1409\jars\plexus-classworlds-2.8.0.jar
2025-02-08 15:49:58,579 [Worker-54: Launching Executing clean in C__HandsOn_Java_spring-example] INFO  o.eclipse.m2e.core.internal.Bundles - 	Entry: C:\Users\HARSHA\.p2\pool\plugins\org.eclipse.m2e.maven.runtime_3.9.900.20240824-1409\jars\plexus-component-annotations-2.1.0.jar
2025-02-08 15:49:58,579 [Worker-54: Launching Executing clean in C__HandsOn_Java_spring-example] INFO  o.eclipse.m2e.core.internal.Bundles - 	Entry: C:\Users\HARSHA\.p2\pool\plugins\org.eclipse.m2e.maven.runtime_3.9.900.20240824-1409\jars\plexus-interpolation-1.27.jar
2025-02-08 15:49:58,579 [Worker-54: Launching Executing clean in C__HandsOn_Java_spring-example] INFO  o.eclipse.m2e.core.internal.Bundles - 	Entry: C:\Users\HARSHA\.p2\pool\plugins\org.eclipse.m2e.maven.runtime_3.9.900.20240824-1409\jars\plexus-sec-dispatcher-2.0.jar
2025-02-08 15:49:58,579 [Worker-54: Launching Executing clean in C__HandsOn_Java_spring-example] INFO  o.eclipse.m2e.core.internal.Bundles - 	Entry: C:\Users\HARSHA\.p2\pool\plugins\org.eclipse.m2e.maven.runtime_3.9.900.20240824-1409\jars\plexus-utils-3.5.1.jar
2025-02-08 15:49:58,579 [Worker-54: Launching Executing clean in C__HandsOn_Java_spring-example] INFO  o.eclipse.m2e.core.internal.Bundles - 	Entry: C:\Users\HARSHA\.p2\pool\plugins\org.eclipse.m2e.maven.runtime_3.9.900.20240824-1409\jars\plexus-xml-3.0.1.jar
2025-02-08 15:49:58,580 [Worker-54: Launching Executing clean in C__HandsOn_Java_spring-example] INFO  o.eclipse.m2e.core.internal.Bundles - 	Entry: C:\Users\HARSHA\.p2\pool\plugins\org.eclipse.m2e.maven.runtime_3.9.900.20240824-1409\jars\wagon-file-3.5.3.jar
2025-02-08 15:49:58,580 [Worker-54: Launching Executing clean in C__HandsOn_Java_spring-example] INFO  o.eclipse.m2e.core.internal.Bundles - 	Entry: C:\Users\HARSHA\.p2\pool\plugins\org.eclipse.m2e.maven.runtime_3.9.900.20240824-1409\jars\wagon-http-3.5.3.jar
2025-02-08 15:49:58,580 [Worker-54: Launching Executing clean in C__HandsOn_Java_spring-example] INFO  o.eclipse.m2e.core.internal.Bundles - 	Entry: C:\Users\HARSHA\.p2\pool\plugins\org.eclipse.m2e.maven.runtime_3.9.900.20240824-1409\jars\wagon-http-shared-3.5.3.jar
2025-02-08 15:49:58,580 [Worker-54: Launching Executing clean in C__HandsOn_Java_spring-example] INFO  o.eclipse.m2e.core.internal.Bundles - 	Entry: C:\Users\HARSHA\.p2\pool\plugins\org.eclipse.m2e.maven.runtime_3.9.900.20240824-1409\jars\wagon-provider-api-3.5.3.jar
2025-02-08 15:49:58,581 [Worker-54: Launching Executing clean in C__HandsOn_Java_spring-example] INFO  o.eclipse.m2e.core.internal.Bundles - getClasspathEntries(Bundle=com.google.guava_33.3.0.jre [10])
2025-02-08 15:49:58,581 [Worker-54: Launching Executing clean in C__HandsOn_Java_spring-example] INFO  o.eclipse.m2e.core.internal.Bundles - 	Entry: C:\Users\HARSHA\.p2\pool\plugins\com.google.guava_33.3.0.jre.jar
2025-02-08 15:49:58,581 [Worker-54: Launching Executing clean in C__HandsOn_Java_spring-example] INFO  o.eclipse.m2e.core.internal.Bundles - getClasspathEntries(Bundle=slf4j.api_2.0.16 [521])
2025-02-08 15:49:58,582 [Worker-54: Launching Executing clean in C__HandsOn_Java_spring-example] INFO  o.eclipse.m2e.core.internal.Bundles - 	Entry: C:\Users\HARSHA\.p2\pool\plugins\slf4j.api_2.0.16.jar
2025-02-08 15:49:58,582 [Worker-54: Launching Executing clean in C__HandsOn_Java_spring-example] INFO  o.eclipse.m2e.core.internal.Bundles - getClasspathEntries(Bundle=jakarta.inject.jakarta.inject-api_1.0.5 [22])
2025-02-08 15:49:58,582 [Worker-54: Launching Executing clean in C__HandsOn_Java_spring-example] INFO  o.eclipse.m2e.core.internal.Bundles - 	Entry: C:\Users\HARSHA\.p2\pool\plugins\jakarta.inject.jakarta.inject-api_1.0.5.jar
2025-02-08 15:49:58,582 [Worker-54: Launching Executing clean in C__HandsOn_Java_spring-example] INFO  o.eclipse.m2e.core.internal.Bundles - getClasspathEntries(Bundle=jakarta.annotation-api_1.3.5 [20])
2025-02-08 15:49:58,583 [Worker-54: Launching Executing clean in C__HandsOn_Java_spring-example] INFO  o.eclipse.m2e.core.internal.Bundles - 	Entry: C:\Users\HARSHA\.p2\pool\plugins\jakarta.annotation-api_1.3.5.jar
2025-02-08 15:49:58,583 [Worker-54: Launching Executing clean in C__HandsOn_Java_spring-example] INFO  o.eclipse.m2e.core.internal.Bundles - getClasspathEntries(Bundle=org.apache.commons.cli_1.9.0 [47])
2025-02-08 15:49:58,583 [Worker-54: Launching Executing clean in C__HandsOn_Java_spring-example] INFO  o.eclipse.m2e.core.internal.Bundles - 	Entry: C:\Users\HARSHA\.p2\pool\plugins\org.apache.commons.cli_1.9.0.jar
2025-02-08 15:49:58,583 [Worker-54: Launching Executing clean in C__HandsOn_Java_spring-example] INFO  o.eclipse.m2e.core.internal.Bundles - getClasspathEntries(Bundle=org.apache.commons.commons-codec_1.16.0 [50])
2025-02-08 15:49:58,584 [Worker-54: Launching Executing clean in C__HandsOn_Java_spring-example] INFO  o.eclipse.m2e.core.internal.Bundles - 	Entry: C:\Users\HARSHA\.p2\pool\plugins\org.apache.commons.commons-codec_1.16.0.jar
2025-02-08 15:49:58,584 [Worker-54: Launching Executing clean in C__HandsOn_Java_spring-example] INFO  o.eclipse.m2e.core.internal.Bundles - getClasspathEntries(Bundle=com.google.guava.failureaccess_1.0.2 [11])
2025-02-08 15:49:58,584 [Worker-54: Launching Executing clean in C__HandsOn_Java_spring-example] INFO  o.eclipse.m2e.core.internal.Bundles - 	Entry: C:\Users\HARSHA\.p2\pool\plugins\com.google.guava.failureaccess_1.0.2.jar
2025-02-08 15:49:58,585 [Worker-54: Launching Executing clean in C__HandsOn_Java_spring-example] INFO  o.e.m.i.launch.MavenLaunchDelegate - Run build in "C:\HandsOn\Java\spring-example":
2025-02-08 15:49:58,585 [Worker-54: Launching Executing clean in C__HandsOn_Java_spring-example] INFO  o.e.m.i.launch.MavenLaunchDelegate -  mvn  -B -Dstyle.color=always clean
2025-02-08 15:50:00,656 [Worker-50: Building] WARN  o.a.m.s.f.DefaultMavenResourcesFiltering - Using platform encoding (UTF-8 actually) to copy filtered resources, i.e. build is platform dependent!
2025-02-08 15:50:00,658 [Worker-50: Building] INFO  o.a.m.s.f.DefaultMavenResourcesFiltering - Copying 0 resource from src\main\resources to target\classes
2025-02-08 15:50:00,660 [Worker-50: Building] WARN  o.a.m.s.f.DefaultMavenResourcesFiltering - Using platform encoding (UTF-8 actually) to copy filtered resources, i.e. build is platform dependent!
2025-02-08 15:50:00,660 [Worker-50: Building] INFO  o.a.m.s.f.DefaultMavenResourcesFiltering - Copying 0 resource from src\test\resources to target\test-classes
2025-02-08 15:50:24,038 [Worker-55: Building] WARN  o.a.m.s.f.DefaultMavenResourcesFiltering - Using platform encoding (UTF-8 actually) to copy filtered resources, i.e. build is platform dependent!
2025-02-08 15:50:24,040 [Worker-55: Building] INFO  o.a.m.s.f.DefaultMavenResourcesFiltering - Copying 0 resource from src\main\resources to target\classes
2025-02-08 15:50:24,043 [Worker-55: Building] WARN  o.a.m.s.f.DefaultMavenResourcesFiltering - Using platform encoding (UTF-8 actually) to copy filtered resources, i.e. build is platform dependent!
2025-02-08 15:50:24,044 [Worker-55: Building] INFO  o.a.m.s.f.DefaultMavenResourcesFiltering - Copying 0 resource from src\test\resources to target\test-classes
2025-02-08 15:51:47,714 [Worker-56: Building] WARN  o.a.m.s.f.DefaultMavenResourcesFiltering - Using platform encoding (UTF-8 actually) to copy filtered resources, i.e. build is platform dependent!
2025-02-08 15:51:47,715 [Worker-56: Building] INFO  o.a.m.s.f.DefaultMavenResourcesFiltering - Copying 0 resource from src\main\resources to target\classes
2025-02-08 15:51:47,718 [Worker-56: Building] WARN  o.a.m.s.f.DefaultMavenResourcesFiltering - Using platform encoding (UTF-8 actually) to copy filtered resources, i.e. build is platform dependent!
2025-02-08 15:51:47,719 [Worker-56: Building] INFO  o.a.m.s.f.DefaultMavenResourcesFiltering - Copying 0 resource from src\test\resources to target\test-classes
2025-02-08 16:09:51,898 [Worker-63: Building] INFO  o.e.m.c.i.l.LifecycleMappingFactory - Using org.eclipse.m2e.jdt.JarLifecycleMapping lifecycle mapping for MavenProject: com.wipro:spring-example:0.0.1-SNAPSHOT @ C:\HandsOn\Java\spring-example\pom.xml.
2025-02-08 16:09:52,079 [Worker-63: Building] WARN  o.a.m.s.f.DefaultMavenResourcesFiltering - Using platform encoding (UTF-8 actually) to copy filtered resources, i.e. build is platform dependent!
2025-02-08 16:09:52,082 [Worker-63: Building] INFO  o.a.m.s.f.DefaultMavenResourcesFiltering - Copying 0 resource from src\main\resources to target\classes
2025-02-08 16:09:52,085 [Worker-63: Building] WARN  o.a.m.s.f.DefaultMavenResourcesFiltering - Using platform encoding (UTF-8 actually) to copy filtered resources, i.e. build is platform dependent!
2025-02-08 16:09:52,086 [Worker-63: Building] INFO  o.a.m.s.f.DefaultMavenResourcesFiltering - Copying 0 resource from src\test\resources to target\test-classes
2025-02-08 16:25:04,645 [Worker-67: Building] WARN  o.a.m.s.f.DefaultMavenResourcesFiltering - Using platform encoding (UTF-8 actually) to copy filtered resources, i.e. build is platform dependent!
2025-02-08 16:25:04,645 [Worker-67: Building] INFO  o.a.m.s.f.DefaultMavenResourcesFiltering - Copying 0 resource from src\main\resources to target\classes
2025-02-08 16:25:04,647 [Worker-67: Building] WARN  o.a.m.s.f.DefaultMavenResourcesFiltering - Using platform encoding (UTF-8 actually) to copy filtered resources, i.e. build is platform dependent!
2025-02-08 16:25:04,648 [Worker-67: Building] INFO  o.a.m.s.f.DefaultMavenResourcesFiltering - Copying 0 resource from src\test\resources to target\test-classes
2025-02-08 16:32:08,448 [Worker-68: Building] WARN  o.a.m.s.f.DefaultMavenResourcesFiltering - Using platform encoding (UTF-8 actually) to copy filtered resources, i.e. build is platform dependent!
2025-02-08 16:32:08,450 [Worker-68: Building] INFO  o.a.m.s.f.DefaultMavenResourcesFiltering - Copying 0 resource from src\main\resources to target\classes
2025-02-08 16:32:08,452 [Worker-68: Building] WARN  o.a.m.s.f.DefaultMavenResourcesFiltering - Using platform encoding (UTF-8 actually) to copy filtered resources, i.e. build is platform dependent!
2025-02-08 16:32:08,453 [Worker-68: Building] INFO  o.a.m.s.f.DefaultMavenResourcesFiltering - Copying 0 resource from src\test\resources to target\test-classes
2025-02-08 16:32:24,806 [Worker-68: Building] WARN  o.a.m.s.f.DefaultMavenResourcesFiltering - Using platform encoding (UTF-8 actually) to copy filtered resources, i.e. build is platform dependent!
2025-02-08 16:32:24,807 [Worker-68: Building] INFO  o.a.m.s.f.DefaultMavenResourcesFiltering - Copying 0 resource from src\main\resources to target\classes
2025-02-08 16:32:24,810 [Worker-68: Building] WARN  o.a.m.s.f.DefaultMavenResourcesFiltering - Using platform encoding (UTF-8 actually) to copy filtered resources, i.e. build is platform dependent!
2025-02-08 16:32:24,811 [Worker-68: Building] INFO  o.a.m.s.f.DefaultMavenResourcesFiltering - Copying 0 resource from src\test\resources to target\test-classes
2025-02-08 16:34:57,905 [Worker-67: Building] WARN  o.a.m.s.f.DefaultMavenResourcesFiltering - Using platform encoding (UTF-8 actually) to copy filtered resources, i.e. build is platform dependent!
2025-02-08 16:34:57,907 [Worker-67: Building] INFO  o.a.m.s.f.DefaultMavenResourcesFiltering - Copying 0 resource from src\main\resources to target\classes
2025-02-08 16:34:57,909 [Worker-67: Building] WARN  o.a.m.s.f.DefaultMavenResourcesFiltering - Using platform encoding (UTF-8 actually) to copy filtered resources, i.e. build is platform dependent!
2025-02-08 16:34:57,911 [Worker-67: Building] INFO  o.a.m.s.f.DefaultMavenResourcesFiltering - Copying 0 resource from src\test\resources to target\test-classes
